2025-07-26 17:01:19,830 - httpx - INFO - HTTP Request: POST https://api.telegram.org/bot8299256500:AAHX_Ce8xf61C6z0CIPr8Mm_F9gAS-kWrK8/getMe "HTTP/1.1 200 OK"
2025-07-26 17:01:20,035 - httpx - INFO - HTTP Request: POST https://api.telegram.org/bot8299256500:AAHX_Ce8xf61C6z0CIPr8Mm_F9gAS-kWrK8/deleteWebhook "HTTP/1.1 200 OK"
2025-07-26 17:01:20,036 - telegram.ext.Application - INFO - Application started
2025-07-26 17:01:30,683 - httpx - INFO - HTTP Request: POST https://api.telegram.org/bot8299256500:AAHX_Ce8xf61C6z0CIPr8Mm_F9gAS-kWrK8/getUpdates "HTTP/1.1 200 OK"
2025-07-26 17:01:32,425 - httpx - INFO - HTTP Request: POST https://api.telegram.org/bot8299256500:AAHX_Ce8xf61C6z0CIPr8Mm_F9gAS-kWrK8/getUpdates "HTTP/1.1 200 OK"
2025-07-26 17:01:33,247 - httpx - INFO - HTTP Request: POST https://api.telegram.org/bot8299256500:AAHX_Ce8xf61C6z0CIPr8Mm_F9gAS-kWrK8/sendMessage "HTTP/1.1 200 OK"
2025-07-26 17:01:40,206 - httpx - INFO - HTTP Request: POST https://api.telegram.org/bot8299256500:AAHX_Ce8xf61C6z0CIPr8Mm_F9gAS-kWrK8/getUpdates "HTTP/1.1 200 OK"
2025-07-26 17:01:40,207 - __main__ - INFO - [1880995822] Serie recibida: Uuiidnn784
2025-07-26 17:01:40,923 - httpx - INFO - HTTP Request: POST https://api.telegram.org/bot8299256500:AAHX_Ce8xf61C6z0CIPr8Mm_F9gAS-kWrK8/sendMessage "HTTP/1.1 200 OK"
2025-07-26 17:01:50,445 - httpx - INFO - HTTP Request: POST https://api.telegram.org/bot8299256500:AAHX_Ce8xf61C6z0CIPr8Mm_F9gAS-kWrK8/getUpdates "HTTP/1.1 200 OK"
2025-07-26 17:02:00,684 - httpx - INFO - HTTP Request: POST https://api.telegram.org/bot8299256500:AAHX_Ce8xf61C6z0CIPr8Mm_F9gAS-kWrK8/getUpdates "HTTP/1.1 200 OK"
2025-07-26 17:02:10,923 - httpx - INFO - HTTP Request: POST https://api.telegram.org/bot8299256500:AAHX_Ce8xf61C6z0CIPr8Mm_F9gAS-kWrK8/getUpdates "HTTP/1.1 200 OK"
2025-07-26 17:02:21,163 - httpx - INFO - HTTP Request: POST https://api.telegram.org/bot8299256500:AAHX_Ce8xf61C6z0CIPr8Mm_F9gAS-kWrK8/getUpdates "HTTP/1.1 200 OK"
2025-07-26 17:02:21,870 - httpx - INFO - HTTP Request: POST https://api.telegram.org/bot8299256500:AAHX_Ce8xf61C6z0CIPr8Mm_F9gAS-kWrK8/getUpdates "HTTP/1.1 200 OK"
2025-07-26 17:02:21,871 - __main__ - INFO - [1880995822] Foto recibida
2025-07-26 17:02:21,871 - __main__ - INFO - referencia a la foto ->PhotoSize(file_id='AgACAgEAAxkBAAMOaIVQbR2u8fvFr8oqD9PZXcB_fnAAAkGvMRv_hihENgjtUSKtbtoBAAMCAAN5AAM2BA', file_size=95884, file_unique_id='AQADQa8xG_-GKER-', height=1280, width=720)
2025-07-26 17:02:23,006 - httpx - INFO - HTTP Request: POST https://api.telegram.org/bot8299256500:AAHX_Ce8xf61C6z0CIPr8Mm_F9gAS-kWrK8/getFile "HTTP/1.1 200 OK"
2025-07-26 17:02:23,417 - httpx - INFO - HTTP Request: GET https://api.telegram.org/file/bot8299256500%3AAAHX_Ce8xf61C6z0CIPr8Mm_F9gAS-kWrK8/photos/file_0.jpg "HTTP/1.1 200 OK"
2025-07-26 17:02:23,626 - __main__ - INFO - [1880995822] Foto descargada y guardada como 1880995822_AgACAgEAAxkBAAMOaIVQbR2u8fvFr8oqD9PZXcB_fnAAAkGvMRv_hihENgjtUSKtbtoBAAMCAAN5AAM2BA.jpg
2025-07-26 17:02:23,930 - httpx - INFO - HTTP Request: POST https://api.telegram.org/bot8299256500:AAHX_Ce8xf61C6z0CIPr8Mm_F9gAS-kWrK8/sendMessage "HTTP/1.1 200 OK"
2025-07-26 17:02:23,931 - __main__ - INFO - [1880995822] Foto recibida
2025-07-26 17:02:23,931 - __main__ - INFO - referencia a la foto ->PhotoSize(file_id='AgACAgEAAxkBAAMPaIVQbf8GrpCA9Gf1oYMkUjMJjaYAAkKvMRv_hihENncIDuLqW6cBAAMCAAN5AAM2BA', file_size=80639, file_unique_id='AQADQq8xG_-GKER-', height=1280, width=720)
2025-07-26 17:02:24,334 - httpx - INFO - HTTP Request: POST https://api.telegram.org/bot8299256500:AAHX_Ce8xf61C6z0CIPr8Mm_F9gAS-kWrK8/getFile "HTTP/1.1 200 OK"
2025-07-26 17:02:24,518 - httpx - INFO - HTTP Request: GET https://api.telegram.org/file/bot8299256500%3AAAHX_Ce8xf61C6z0CIPr8Mm_F9gAS-kWrK8/photos/file_1.jpg "HTTP/1.1 200 OK"
2025-07-26 17:02:24,528 - __main__ - INFO - [1880995822] Foto descargada y guardada como 1880995822_AgACAgEAAxkBAAMPaIVQbf8GrpCA9Gf1oYMkUjMJjaYAAkKvMRv_hihENncIDuLqW6cBAAMCAAN5AAM2BA.jpg
2025-07-26 17:02:24,835 - httpx - INFO - HTTP Request: POST https://api.telegram.org/bot8299256500:AAHX_Ce8xf61C6z0CIPr8Mm_F9gAS-kWrK8/sendMessage "HTTP/1.1 200 OK"
2025-07-26 17:02:32,119 - httpx - INFO - HTTP Request: POST https://api.telegram.org/bot8299256500:AAHX_Ce8xf61C6z0CIPr8Mm_F9gAS-kWrK8/getUpdates "HTTP/1.1 200 OK"
2025-07-26 17:02:42,358 - httpx - INFO - HTTP Request: POST https://api.telegram.org/bot8299256500:AAHX_Ce8xf61C6z0CIPr8Mm_F9gAS-kWrK8/getUpdates "HTTP/1.1 200 OK"
2025-07-26 17:02:52,598 - httpx - INFO - HTTP Request: POST https://api.telegram.org/bot8299256500:AAHX_Ce8xf61C6z0CIPr8Mm_F9gAS-kWrK8/getUpdates "HTTP/1.1 200 OK"
2025-07-26 17:03:02,838 - httpx - INFO - HTTP Request: POST https://api.telegram.org/bot8299256500:AAHX_Ce8xf61C6z0CIPr8Mm_F9gAS-kWrK8/getUpdates "HTTP/1.1 200 OK"
2025-07-26 17:03:13,077 - httpx - INFO - HTTP Request: POST https://api.telegram.org/bot8299256500:AAHX_Ce8xf61C6z0CIPr8Mm_F9gAS-kWrK8/getUpdates "HTTP/1.1 200 OK"
2025-07-26 17:03:23,317 - httpx - INFO - HTTP Request: POST https://api.telegram.org/bot8299256500:AAHX_Ce8xf61C6z0CIPr8Mm_F9gAS-kWrK8/getUpdates "HTTP/1.1 200 OK"
2025-07-26 17:03:33,556 - httpx - INFO - HTTP Request: POST https://api.telegram.org/bot8299256500:AAHX_Ce8xf61C6z0CIPr8Mm_F9gAS-kWrK8/getUpdates "HTTP/1.1 200 OK"
2025-07-26 17:03:43,796 - httpx - INFO - HTTP Request: POST https://api.telegram.org/bot8299256500:AAHX_Ce8xf61C6z0CIPr8Mm_F9gAS-kWrK8/getUpdates "HTTP/1.1 200 OK"
2025-07-26 17:03:54,035 - httpx - INFO - HTTP Request: POST https://api.telegram.org/bot8299256500:AAHX_Ce8xf61C6z0CIPr8Mm_F9gAS-kWrK8/getUpdates "HTTP/1.1 200 OK"
2025-07-26 17:04:04,377 - httpx - INFO - HTTP Request: POST https://api.telegram.org/bot8299256500:AAHX_Ce8xf61C6z0CIPr8Mm_F9gAS-kWrK8/getUpdates "HTTP/1.1 200 OK"
2025-07-26 17:04:14,617 - httpx - INFO - HTTP Request: POST https://api.telegram.org/bot8299256500:AAHX_Ce8xf61C6z0CIPr8Mm_F9gAS-kWrK8/getUpdates "HTTP/1.1 200 OK"
2025-07-26 17:04:24,857 - httpx - INFO - HTTP Request: POST https://api.telegram.org/bot8299256500:AAHX_Ce8xf61C6z0CIPr8Mm_F9gAS-kWrK8/getUpdates "HTTP/1.1 200 OK"
2025-07-26 17:04:35,077 - httpx - INFO - HTTP Request: POST https://api.telegram.org/bot8299256500:AAHX_Ce8xf61C6z0CIPr8Mm_F9gAS-kWrK8/getUpdates "HTTP/1.1 200 OK"
2025-07-26 17:04:45,336 - httpx - INFO - HTTP Request: POST https://api.telegram.org/bot8299256500:AAHX_Ce8xf61C6z0CIPr8Mm_F9gAS-kWrK8/getUpdates "HTTP/1.1 200 OK"
2025-07-26 17:04:55,535 - httpx - INFO - HTTP Request: POST https://api.telegram.org/bot8299256500:AAHX_Ce8xf61C6z0CIPr8Mm_F9gAS-kWrK8/getUpdates "HTTP/1.1 200 OK"
2025-07-26 17:05:05,717 - httpx - INFO - HTTP Request: POST https://api.telegram.org/bot8299256500:AAHX_Ce8xf61C6z0CIPr8Mm_F9gAS-kWrK8/getUpdates "HTTP/1.1 200 OK"
2025-07-26 17:05:15,952 - httpx - INFO - HTTP Request: POST https://api.telegram.org/bot8299256500:AAHX_Ce8xf61C6z0CIPr8Mm_F9gAS-kWrK8/getUpdates "HTTP/1.1 200 OK"
2025-07-26 17:05:26,191 - httpx - INFO - HTTP Request: POST https://api.telegram.org/bot8299256500:AAHX_Ce8xf61C6z0CIPr8Mm_F9gAS-kWrK8/getUpdates "HTTP/1.1 200 OK"
2025-07-26 17:05:36,430 - httpx - INFO - HTTP Request: POST https://api.telegram.org/bot8299256500:AAHX_Ce8xf61C6z0CIPr8Mm_F9gAS-kWrK8/getUpdates "HTTP/1.1 200 OK"
2025-07-26 17:05:46,670 - httpx - INFO - HTTP Request: POST https://api.telegram.org/bot8299256500:AAHX_Ce8xf61C6z0CIPr8Mm_F9gAS-kWrK8/getUpdates "HTTP/1.1 200 OK"
2025-07-26 17:05:56,911 - httpx - INFO - HTTP Request: POST https://api.telegram.org/bot8299256500:AAHX_Ce8xf61C6z0CIPr8Mm_F9gAS-kWrK8/getUpdates "HTTP/1.1 200 OK"
2025-07-26 17:06:07,150 - httpx - INFO - HTTP Request: POST https://api.telegram.org/bot8299256500:AAHX_Ce8xf61C6z0CIPr8Mm_F9gAS-kWrK8/getUpdates "HTTP/1.1 200 OK"
2025-07-26 17:06:17,388 - httpx - INFO - HTTP Request: POST https://api.telegram.org/bot8299256500:AAHX_Ce8xf61C6z0CIPr8Mm_F9gAS-kWrK8/getUpdates "HTTP/1.1 200 OK"
2025-07-26 17:06:27,618 - httpx - INFO - HTTP Request: POST https://api.telegram.org/bot8299256500:AAHX_Ce8xf61C6z0CIPr8Mm_F9gAS-kWrK8/getUpdates "HTTP/1.1 200 OK"
2025-07-26 17:06:37,867 - httpx - INFO - HTTP Request: POST https://api.telegram.org/bot8299256500:AAHX_Ce8xf61C6z0CIPr8Mm_F9gAS-kWrK8/getUpdates "HTTP/1.1 200 OK"
2025-07-26 17:06:48,109 - httpx - INFO - HTTP Request: POST https://api.telegram.org/bot8299256500:AAHX_Ce8xf61C6z0CIPr8Mm_F9gAS-kWrK8/getUpdates "HTTP/1.1 200 OK"
2025-07-26 17:06:58,348 - httpx - INFO - HTTP Request: POST https://api.telegram.org/bot8299256500:AAHX_Ce8xf61C6z0CIPr8Mm_F9gAS-kWrK8/getUpdates "HTTP/1.1 200 OK"
2025-07-26 17:07:08,588 - httpx - INFO - HTTP Request: POST https://api.telegram.org/bot8299256500:AAHX_Ce8xf61C6z0CIPr8Mm_F9gAS-kWrK8/getUpdates "HTTP/1.1 200 OK"
2025-07-26 17:07:19,634 - httpx - INFO - HTTP Request: POST https://api.telegram.org/bot8299256500:AAHX_Ce8xf61C6z0CIPr8Mm_F9gAS-kWrK8/getUpdates "HTTP/1.1 200 OK"
2025-07-26 17:07:29,886 - httpx - INFO - HTTP Request: POST https://api.telegram.org/bot8299256500:AAHX_Ce8xf61C6z0CIPr8Mm_F9gAS-kWrK8/getUpdates "HTTP/1.1 200 OK"
2025-07-26 17:07:40,125 - httpx - INFO - HTTP Request: POST https://api.telegram.org/bot8299256500:AAHX_Ce8xf61C6z0CIPr8Mm_F9gAS-kWrK8/getUpdates "HTTP/1.1 200 OK"
2025-07-26 17:07:50,308 - httpx - INFO - HTTP Request: POST https://api.telegram.org/bot8299256500:AAHX_Ce8xf61C6z0CIPr8Mm_F9gAS-kWrK8/getUpdates "HTTP/1.1 200 OK"
2025-07-26 17:08:00,502 - httpx - INFO - HTTP Request: POST https://api.telegram.org/bot8299256500:AAHX_Ce8xf61C6z0CIPr8Mm_F9gAS-kWrK8/getUpdates "HTTP/1.1 200 OK"
2025-07-26 17:08:10,743 - httpx - INFO - HTTP Request: POST https://api.telegram.org/bot8299256500:AAHX_Ce8xf61C6z0CIPr8Mm_F9gAS-kWrK8/getUpdates "HTTP/1.1 200 OK"
2025-07-26 17:08:20,982 - httpx - INFO - HTTP Request: POST https://api.telegram.org/bot8299256500:AAHX_Ce8xf61C6z0CIPr8Mm_F9gAS-kWrK8/getUpdates "HTTP/1.1 200 OK"
2025-07-26 17:08:31,222 - httpx - INFO - HTTP Request: POST https://api.telegram.org/bot8299256500:AAHX_Ce8xf61C6z0CIPr8Mm_F9gAS-kWrK8/getUpdates "HTTP/1.1 200 OK"
2025-07-26 17:08:41,462 - httpx - INFO - HTTP Request: POST https://api.telegram.org/bot8299256500:AAHX_Ce8xf61C6z0CIPr8Mm_F9gAS-kWrK8/getUpdates "HTTP/1.1 200 OK"
2025-07-26 17:08:51,660 - httpx - INFO - HTTP Request: POST https://api.telegram.org/bot8299256500:AAHX_Ce8xf61C6z0CIPr8Mm_F9gAS-kWrK8/getUpdates "HTTP/1.1 200 OK"
2025-07-26 17:09:01,865 - httpx - INFO - HTTP Request: POST https://api.telegram.org/bot8299256500:AAHX_Ce8xf61C6z0CIPr8Mm_F9gAS-kWrK8/getUpdates "HTTP/1.1 200 OK"
2025-07-26 17:09:12,079 - httpx - INFO - HTTP Request: POST https://api.telegram.org/bot8299256500:AAHX_Ce8xf61C6z0CIPr8Mm_F9gAS-kWrK8/getUpdates "HTTP/1.1 200 OK"
2025-07-26 17:09:22,319 - httpx - INFO - HTTP Request: POST https://api.telegram.org/bot8299256500:AAHX_Ce8xf61C6z0CIPr8Mm_F9gAS-kWrK8/getUpdates "HTTP/1.1 200 OK"
2025-07-26 17:09:32,559 - httpx - INFO - HTTP Request: POST https://api.telegram.org/bot8299256500:AAHX_Ce8xf61C6z0CIPr8Mm_F9gAS-kWrK8/getUpdates "HTTP/1.1 200 OK"
2025-07-26 17:09:42,799 - httpx - INFO - HTTP Request: POST https://api.telegram.org/bot8299256500:AAHX_Ce8xf61C6z0CIPr8Mm_F9gAS-kWrK8/getUpdates "HTTP/1.1 200 OK"
2025-07-26 17:09:53,038 - httpx - INFO - HTTP Request: POST https://api.telegram.org/bot8299256500:AAHX_Ce8xf61C6z0CIPr8Mm_F9gAS-kWrK8/getUpdates "HTTP/1.1 200 OK"
2025-07-26 17:10:03,277 - httpx - INFO - HTTP Request: POST https://api.telegram.org/bot8299256500:AAHX_Ce8xf61C6z0CIPr8Mm_F9gAS-kWrK8/getUpdates "HTTP/1.1 200 OK"
2025-07-26 17:10:13,518 - httpx - INFO - HTTP Request: POST https://api.telegram.org/bot8299256500:AAHX_Ce8xf61C6z0CIPr8Mm_F9gAS-kWrK8/getUpdates "HTTP/1.1 200 OK"
2025-07-26 17:10:23,801 - httpx - INFO - HTTP Request: POST https://api.telegram.org/bot8299256500:AAHX_Ce8xf61C6z0CIPr8Mm_F9gAS-kWrK8/getUpdates "HTTP/1.1 200 OK"
2025-07-26 17:10:33,986 - httpx - INFO - HTTP Request: POST https://api.telegram.org/bot8299256500:AAHX_Ce8xf61C6z0CIPr8Mm_F9gAS-kWrK8/getUpdates "HTTP/1.1 200 OK"
2025-07-26 17:10:44,181 - httpx - INFO - HTTP Request: POST https://api.telegram.org/bot8299256500:AAHX_Ce8xf61C6z0CIPr8Mm_F9gAS-kWrK8/getUpdates "HTTP/1.1 200 OK"
2025-07-26 17:10:54,476 - httpx - INFO - HTTP Request: POST https://api.telegram.org/bot8299256500:AAHX_Ce8xf61C6z0CIPr8Mm_F9gAS-kWrK8/getUpdates "HTTP/1.1 200 OK"
2025-07-26 17:11:04,663 - httpx - INFO - HTTP Request: POST https://api.telegram.org/bot8299256500:AAHX_Ce8xf61C6z0CIPr8Mm_F9gAS-kWrK8/getUpdates "HTTP/1.1 200 OK"
2025-07-26 17:11:14,844 - httpx - INFO - HTTP Request: POST https://api.telegram.org/bot8299256500:AAHX_Ce8xf61C6z0CIPr8Mm_F9gAS-kWrK8/getUpdates "HTTP/1.1 200 OK"
2025-07-26 17:11:25,032 - httpx - INFO - HTTP Request: POST https://api.telegram.org/bot8299256500:AAHX_Ce8xf61C6z0CIPr8Mm_F9gAS-kWrK8/getUpdates "HTTP/1.1 200 OK"
2025-07-26 17:11:35,214 - httpx - INFO - HTTP Request: POST https://api.telegram.org/bot8299256500:AAHX_Ce8xf61C6z0CIPr8Mm_F9gAS-kWrK8/getUpdates "HTTP/1.1 200 OK"
2025-07-26 17:11:45,395 - httpx - INFO - HTTP Request: POST https://api.telegram.org/bot8299256500:AAHX_Ce8xf61C6z0CIPr8Mm_F9gAS-kWrK8/getUpdates "HTTP/1.1 200 OK"
2025-07-26 17:11:55,609 - httpx - INFO - HTTP Request: POST https://api.telegram.org/bot8299256500:AAHX_Ce8xf61C6z0CIPr8Mm_F9gAS-kWrK8/getUpdates "HTTP/1.1 200 OK"
2025-07-26 17:12:05,849 - httpx - INFO - HTTP Request: POST https://api.telegram.org/bot8299256500:AAHX_Ce8xf61C6z0CIPr8Mm_F9gAS-kWrK8/getUpdates "HTTP/1.1 200 OK"
2025-07-26 17:12:16,088 - httpx - INFO - HTTP Request: POST https://api.telegram.org/bot8299256500:AAHX_Ce8xf61C6z0CIPr8Mm_F9gAS-kWrK8/getUpdates "HTTP/1.1 200 OK"
2025-07-26 17:12:26,328 - httpx - INFO - HTTP Request: POST https://api.telegram.org/bot8299256500:AAHX_Ce8xf61C6z0CIPr8Mm_F9gAS-kWrK8/getUpdates "HTTP/1.1 200 OK"
2025-07-26 17:12:36,513 - httpx - INFO - HTTP Request: POST https://api.telegram.org/bot8299256500:AAHX_Ce8xf61C6z0CIPr8Mm_F9gAS-kWrK8/getUpdates "HTTP/1.1 200 OK"
2025-07-26 17:12:46,707 - httpx - INFO - HTTP Request: POST https://api.telegram.org/bot8299256500:AAHX_Ce8xf61C6z0CIPr8Mm_F9gAS-kWrK8/getUpdates "HTTP/1.1 200 OK"
2025-07-26 17:12:56,946 - httpx - INFO - HTTP Request: POST https://api.telegram.org/bot8299256500:AAHX_Ce8xf61C6z0CIPr8Mm_F9gAS-kWrK8/getUpdates "HTTP/1.1 200 OK"
2025-07-26 17:13:07,186 - httpx - INFO - HTTP Request: POST https://api.telegram.org/bot8299256500:AAHX_Ce8xf61C6z0CIPr8Mm_F9gAS-kWrK8/getUpdates "HTTP/1.1 200 OK"
2025-07-26 17:13:17,426 - httpx - INFO - HTTP Request: POST https://api.telegram.org/bot8299256500:AAHX_Ce8xf61C6z0CIPr8Mm_F9gAS-kWrK8/getUpdates "HTTP/1.1 200 OK"
2025-07-26 17:13:27,666 - httpx - INFO - HTTP Request: POST https://api.telegram.org/bot8299256500:AAHX_Ce8xf61C6z0CIPr8Mm_F9gAS-kWrK8/getUpdates "HTTP/1.1 200 OK"
2025-07-26 17:13:37,904 - httpx - INFO - HTTP Request: POST https://api.telegram.org/bot8299256500:AAHX_Ce8xf61C6z0CIPr8Mm_F9gAS-kWrK8/getUpdates "HTTP/1.1 200 OK"
2025-07-26 17:13:48,103 - httpx - INFO - HTTP Request: POST https://api.telegram.org/bot8299256500:AAHX_Ce8xf61C6z0CIPr8Mm_F9gAS-kWrK8/getUpdates "HTTP/1.1 200 OK"
2025-07-26 17:13:58,386 - httpx - INFO - HTTP Request: POST https://api.telegram.org/bot8299256500:AAHX_Ce8xf61C6z0CIPr8Mm_F9gAS-kWrK8/getUpdates "HTTP/1.1 200 OK"
2025-07-26 17:14:08,626 - httpx - INFO - HTTP Request: POST https://api.telegram.org/bot8299256500:AAHX_Ce8xf61C6z0CIPr8Mm_F9gAS-kWrK8/getUpdates "HTTP/1.1 200 OK"
2025-07-26 17:14:18,864 - httpx - INFO - HTTP Request: POST https://api.telegram.org/bot8299256500:AAHX_Ce8xf61C6z0CIPr8Mm_F9gAS-kWrK8/getUpdates "HTTP/1.1 200 OK"
2025-07-26 17:14:29,105 - httpx - INFO - HTTP Request: POST https://api.telegram.org/bot8299256500:AAHX_Ce8xf61C6z0CIPr8Mm_F9gAS-kWrK8/getUpdates "HTTP/1.1 200 OK"
2025-07-26 17:14:39,345 - httpx - INFO - HTTP Request: POST https://api.telegram.org/bot8299256500:AAHX_Ce8xf61C6z0CIPr8Mm_F9gAS-kWrK8/getUpdates "HTTP/1.1 200 OK"
2025-07-26 17:14:49,585 - httpx - INFO - HTTP Request: POST https://api.telegram.org/bot8299256500:AAHX_Ce8xf61C6z0CIPr8Mm_F9gAS-kWrK8/getUpdates "HTTP/1.1 200 OK"
2025-07-26 17:14:59,825 - httpx - INFO - HTTP Request: POST https://api.telegram.org/bot8299256500:AAHX_Ce8xf61C6z0CIPr8Mm_F9gAS-kWrK8/getUpdates "HTTP/1.1 200 OK"
2025-07-26 17:15:10,063 - httpx - INFO - HTTP Request: POST https://api.telegram.org/bot8299256500:AAHX_Ce8xf61C6z0CIPr8Mm_F9gAS-kWrK8/getUpdates "HTTP/1.1 200 OK"
2025-07-26 17:15:20,304 - httpx - INFO - HTTP Request: POST https://api.telegram.org/bot8299256500:AAHX_Ce8xf61C6z0CIPr8Mm_F9gAS-kWrK8/getUpdates "HTTP/1.1 200 OK"
2025-07-26 17:15:30,544 - httpx - INFO - HTTP Request: POST https://api.telegram.org/bot8299256500:AAHX_Ce8xf61C6z0CIPr8Mm_F9gAS-kWrK8/getUpdates "HTTP/1.1 200 OK"
2025-07-26 17:15:40,785 - httpx - INFO - HTTP Request: POST https://api.telegram.org/bot8299256500:AAHX_Ce8xf61C6z0CIPr8Mm_F9gAS-kWrK8/getUpdates "HTTP/1.1 200 OK"
2025-07-26 17:15:51,025 - httpx - INFO - HTTP Request: POST https://api.telegram.org/bot8299256500:AAHX_Ce8xf61C6z0CIPr8Mm_F9gAS-kWrK8/getUpdates "HTTP/1.1 200 OK"
2025-07-26 17:16:01,264 - httpx - INFO - HTTP Request: POST https://api.telegram.org/bot8299256500:AAHX_Ce8xf61C6z0CIPr8Mm_F9gAS-kWrK8/getUpdates "HTTP/1.1 200 OK"
2025-07-26 17:16:11,505 - httpx - INFO - HTTP Request: POST https://api.telegram.org/bot8299256500:AAHX_Ce8xf61C6z0CIPr8Mm_F9gAS-kWrK8/getUpdates "HTTP/1.1 200 OK"
2025-07-26 17:16:21,745 - httpx - INFO - HTTP Request: POST https://api.telegram.org/bot8299256500:AAHX_Ce8xf61C6z0CIPr8Mm_F9gAS-kWrK8/getUpdates "HTTP/1.1 200 OK"
2025-07-26 17:16:31,985 - httpx - INFO - HTTP Request: POST https://api.telegram.org/bot8299256500:AAHX_Ce8xf61C6z0CIPr8Mm_F9gAS-kWrK8/getUpdates "HTTP/1.1 200 OK"
2025-07-26 17:16:42,225 - httpx - INFO - HTTP Request: POST https://api.telegram.org/bot8299256500:AAHX_Ce8xf61C6z0CIPr8Mm_F9gAS-kWrK8/getUpdates "HTTP/1.1 200 OK"
2025-07-26 17:16:52,465 - httpx - INFO - HTTP Request: POST https://api.telegram.org/bot8299256500:AAHX_Ce8xf61C6z0CIPr8Mm_F9gAS-kWrK8/getUpdates "HTTP/1.1 200 OK"
2025-07-26 17:17:02,705 - httpx - INFO - HTTP Request: POST https://api.telegram.org/bot8299256500:AAHX_Ce8xf61C6z0CIPr8Mm_F9gAS-kWrK8/getUpdates "HTTP/1.1 200 OK"
2025-07-26 17:17:12,945 - httpx - INFO - HTTP Request: POST https://api.telegram.org/bot8299256500:AAHX_Ce8xf61C6z0CIPr8Mm_F9gAS-kWrK8/getUpdates "HTTP/1.1 200 OK"
2025-07-26 17:17:23,185 - httpx - INFO - HTTP Request: POST https://api.telegram.org/bot8299256500:AAHX_Ce8xf61C6z0CIPr8Mm_F9gAS-kWrK8/getUpdates "HTTP/1.1 200 OK"
2025-07-26 17:17:33,425 - httpx - INFO - HTTP Request: POST https://api.telegram.org/bot8299256500:AAHX_Ce8xf61C6z0CIPr8Mm_F9gAS-kWrK8/getUpdates "HTTP/1.1 200 OK"
2025-07-26 17:17:43,664 - httpx - INFO - HTTP Request: POST https://api.telegram.org/bot8299256500:AAHX_Ce8xf61C6z0CIPr8Mm_F9gAS-kWrK8/getUpdates "HTTP/1.1 200 OK"
2025-07-26 17:17:53,903 - httpx - INFO - HTTP Request: POST https://api.telegram.org/bot8299256500:AAHX_Ce8xf61C6z0CIPr8Mm_F9gAS-kWrK8/getUpdates "HTTP/1.1 200 OK"
2025-07-26 17:18:04,144 - httpx - INFO - HTTP Request: POST https://api.telegram.org/bot8299256500:AAHX_Ce8xf61C6z0CIPr8Mm_F9gAS-kWrK8/getUpdates "HTTP/1.1 200 OK"
2025-07-26 17:18:14,794 - httpx - INFO - HTTP Request: POST https://api.telegram.org/bot8299256500:AAHX_Ce8xf61C6z0CIPr8Mm_F9gAS-kWrK8/getUpdates "HTTP/1.1 200 OK"
2025-07-26 17:18:25,034 - httpx - INFO - HTTP Request: POST https://api.telegram.org/bot8299256500:AAHX_Ce8xf61C6z0CIPr8Mm_F9gAS-kWrK8/getUpdates "HTTP/1.1 200 OK"
2025-07-26 17:18:35,274 - httpx - INFO - HTTP Request: POST https://api.telegram.org/bot8299256500:AAHX_Ce8xf61C6z0CIPr8Mm_F9gAS-kWrK8/getUpdates "HTTP/1.1 200 OK"
2025-07-26 17:18:45,512 - httpx - INFO - HTTP Request: POST https://api.telegram.org/bot8299256500:AAHX_Ce8xf61C6z0CIPr8Mm_F9gAS-kWrK8/getUpdates "HTTP/1.1 200 OK"
2025-07-26 17:18:55,753 - httpx - INFO - HTTP Request: POST https://api.telegram.org/bot8299256500:AAHX_Ce8xf61C6z0CIPr8Mm_F9gAS-kWrK8/getUpdates "HTTP/1.1 200 OK"
2025-07-26 17:19:05,993 - httpx - INFO - HTTP Request: POST https://api.telegram.org/bot8299256500:AAHX_Ce8xf61C6z0CIPr8Mm_F9gAS-kWrK8/getUpdates "HTTP/1.1 200 OK"
2025-07-26 17:19:16,233 - httpx - INFO - HTTP Request: POST https://api.telegram.org/bot8299256500:AAHX_Ce8xf61C6z0CIPr8Mm_F9gAS-kWrK8/getUpdates "HTTP/1.1 200 OK"
2025-07-26 17:19:26,474 - httpx - INFO - HTTP Request: POST https://api.telegram.org/bot8299256500:AAHX_Ce8xf61C6z0CIPr8Mm_F9gAS-kWrK8/getUpdates "HTTP/1.1 200 OK"
2025-07-26 17:19:36,714 - httpx - INFO - HTTP Request: POST https://api.telegram.org/bot8299256500:AAHX_Ce8xf61C6z0CIPr8Mm_F9gAS-kWrK8/getUpdates "HTTP/1.1 200 OK"
2025-07-26 17:19:46,954 - httpx - INFO - HTTP Request: POST https://api.telegram.org/bot8299256500:AAHX_Ce8xf61C6z0CIPr8Mm_F9gAS-kWrK8/getUpdates "HTTP/1.1 200 OK"
2025-07-26 17:19:57,194 - httpx - INFO - HTTP Request: POST https://api.telegram.org/bot8299256500:AAHX_Ce8xf61C6z0CIPr8Mm_F9gAS-kWrK8/getUpdates "HTTP/1.1 200 OK"
2025-07-26 17:20:07,434 - httpx - INFO - HTTP Request: POST https://api.telegram.org/bot8299256500:AAHX_Ce8xf61C6z0CIPr8Mm_F9gAS-kWrK8/getUpdates "HTTP/1.1 200 OK"
2025-07-26 17:20:17,674 - httpx - INFO - HTTP Request: POST https://api.telegram.org/bot8299256500:AAHX_Ce8xf61C6z0CIPr8Mm_F9gAS-kWrK8/getUpdates "HTTP/1.1 200 OK"
2025-07-26 17:20:27,881 - httpx - INFO - HTTP Request: POST https://api.telegram.org/bot8299256500:AAHX_Ce8xf61C6z0CIPr8Mm_F9gAS-kWrK8/getUpdates "HTTP/1.1 200 OK"
2025-07-26 17:20:38,630 - httpx - INFO - HTTP Request: POST https://api.telegram.org/bot8299256500:AAHX_Ce8xf61C6z0CIPr8Mm_F9gAS-kWrK8/getUpdates "HTTP/1.1 200 OK"
2025-07-26 17:20:48,906 - httpx - INFO - HTTP Request: POST https://api.telegram.org/bot8299256500:AAHX_Ce8xf61C6z0CIPr8Mm_F9gAS-kWrK8/getUpdates "HTTP/1.1 200 OK"
2025-07-26 17:20:59,146 - httpx - INFO - HTTP Request: POST https://api.telegram.org/bot8299256500:AAHX_Ce8xf61C6z0CIPr8Mm_F9gAS-kWrK8/getUpdates "HTTP/1.1 200 OK"
2025-07-26 17:21:09,386 - httpx - INFO - HTTP Request: POST https://api.telegram.org/bot8299256500:AAHX_Ce8xf61C6z0CIPr8Mm_F9gAS-kWrK8/getUpdates "HTTP/1.1 200 OK"
2025-07-26 17:21:19,624 - httpx - INFO - HTTP Request: POST https://api.telegram.org/bot8299256500:AAHX_Ce8xf61C6z0CIPr8Mm_F9gAS-kWrK8/getUpdates "HTTP/1.1 200 OK"
2025-07-26 17:21:29,824 - httpx - INFO - HTTP Request: POST https://api.telegram.org/bot8299256500:AAHX_Ce8xf61C6z0CIPr8Mm_F9gAS-kWrK8/getUpdates "HTTP/1.1 200 OK"
2025-07-26 17:21:40,105 - httpx - INFO - HTTP Request: POST https://api.telegram.org/bot8299256500:AAHX_Ce8xf61C6z0CIPr8Mm_F9gAS-kWrK8/getUpdates "HTTP/1.1 200 OK"
2025-07-26 17:21:50,345 - httpx - INFO - HTTP Request: POST https://api.telegram.org/bot8299256500:AAHX_Ce8xf61C6z0CIPr8Mm_F9gAS-kWrK8/getUpdates "HTTP/1.1 200 OK"
2025-07-26 17:22:00,586 - httpx - INFO - HTTP Request: POST https://api.telegram.org/bot8299256500:AAHX_Ce8xf61C6z0CIPr8Mm_F9gAS-kWrK8/getUpdates "HTTP/1.1 200 OK"
2025-07-26 17:22:10,824 - httpx - INFO - HTTP Request: POST https://api.telegram.org/bot8299256500:AAHX_Ce8xf61C6z0CIPr8Mm_F9gAS-kWrK8/getUpdates "HTTP/1.1 200 OK"
2025-07-26 17:22:21,065 - httpx - INFO - HTTP Request: POST https://api.telegram.org/bot8299256500:AAHX_Ce8xf61C6z0CIPr8Mm_F9gAS-kWrK8/getUpdates "HTTP/1.1 200 OK"
2025-07-26 17:22:31,305 - httpx - INFO - HTTP Request: POST https://api.telegram.org/bot8299256500:AAHX_Ce8xf61C6z0CIPr8Mm_F9gAS-kWrK8/getUpdates "HTTP/1.1 200 OK"
2025-07-26 17:22:41,544 - httpx - INFO - HTTP Request: POST https://api.telegram.org/bot8299256500:AAHX_Ce8xf61C6z0CIPr8Mm_F9gAS-kWrK8/getUpdates "HTTP/1.1 200 OK"
2025-07-26 17:22:52,296 - httpx - INFO - HTTP Request: POST https://api.telegram.org/bot8299256500:AAHX_Ce8xf61C6z0CIPr8Mm_F9gAS-kWrK8/getUpdates "HTTP/1.1 200 OK"
2025-07-26 17:23:02,536 - httpx - INFO - HTTP Request: POST https://api.telegram.org/bot8299256500:AAHX_Ce8xf61C6z0CIPr8Mm_F9gAS-kWrK8/getUpdates "HTTP/1.1 200 OK"
2025-07-26 17:23:12,778 - httpx - INFO - HTTP Request: POST https://api.telegram.org/bot8299256500:AAHX_Ce8xf61C6z0CIPr8Mm_F9gAS-kWrK8/getUpdates "HTTP/1.1 200 OK"
2025-07-26 17:23:23,018 - httpx - INFO - HTTP Request: POST https://api.telegram.org/bot8299256500:AAHX_Ce8xf61C6z0CIPr8Mm_F9gAS-kWrK8/getUpdates "HTTP/1.1 200 OK"
2025-07-26 17:23:31,721 - httpx - INFO - HTTP Request: POST https://api.telegram.org/bot8299256500:AAHX_Ce8xf61C6z0CIPr8Mm_F9gAS-kWrK8/getUpdates "HTTP/1.1 200 OK"
2025-07-26 17:23:31,722 - telegram.ext.Application - INFO - Application is stopping. This might take a moment.
2025-07-26 17:23:31,722 - telegram.ext.Application - INFO - Application.stop() complete
2025-07-26 17:23:33,053 - httpx - INFO - HTTP Request: POST https://api.telegram.org/bot8299256500:AAHX_Ce8xf61C6z0CIPr8Mm_F9gAS-kWrK8/getMe "HTTP/1.1 200 OK"
2025-07-26 17:23:33,256 - httpx - INFO - HTTP Request: POST https://api.telegram.org/bot8299256500:AAHX_Ce8xf61C6z0CIPr8Mm_F9gAS-kWrK8/deleteWebhook "HTTP/1.1 200 OK"
2025-07-26 17:23:33,257 - telegram.ext.Application - INFO - Application started
2025-07-26 17:23:43,847 - httpx - INFO - HTTP Request: POST https://api.telegram.org/bot8299256500:AAHX_Ce8xf61C6z0CIPr8Mm_F9gAS-kWrK8/getUpdates "HTTP/1.1 200 OK"
2025-07-26 17:23:46,061 - httpx - INFO - HTTP Request: POST https://api.telegram.org/bot8299256500:AAHX_Ce8xf61C6z0CIPr8Mm_F9gAS-kWrK8/getUpdates "HTTP/1.1 200 OK"
2025-07-26 17:23:46,876 - httpx - INFO - HTTP Request: POST https://api.telegram.org/bot8299256500:AAHX_Ce8xf61C6z0CIPr8Mm_F9gAS-kWrK8/sendMessage "HTTP/1.1 200 OK"
2025-07-26 17:23:50,972 - httpx - INFO - HTTP Request: POST https://api.telegram.org/bot8299256500:AAHX_Ce8xf61C6z0CIPr8Mm_F9gAS-kWrK8/getUpdates "HTTP/1.1 200 OK"
2025-07-26 17:23:51,284 - httpx - INFO - HTTP Request: POST https://api.telegram.org/bot8299256500:AAHX_Ce8xf61C6z0CIPr8Mm_F9gAS-kWrK8/sendMessage "HTTP/1.1 200 OK"
2025-07-26 17:24:00,495 - httpx - INFO - HTTP Request: POST https://api.telegram.org/bot8299256500:AAHX_Ce8xf61C6z0CIPr8Mm_F9gAS-kWrK8/getUpdates "HTTP/1.1 200 OK"
2025-07-26 17:24:01,315 - httpx - INFO - HTTP Request: POST https://api.telegram.org/bot8299256500:AAHX_Ce8xf61C6z0CIPr8Mm_F9gAS-kWrK8/answerCallbackQuery "HTTP/1.1 200 OK"
2025-07-26 17:24:01,724 - httpx - INFO - HTTP Request: POST https://api.telegram.org/bot8299256500:AAHX_Ce8xf61C6z0CIPr8Mm_F9gAS-kWrK8/editMessageText "HTTP/1.1 200 OK"
2025-07-26 17:24:01,725 - __main__ - INFO - [1880995822] Serie confirmada: Nnuuuuu
2025-07-26 17:24:10,736 - httpx - INFO - HTTP Request: POST https://api.telegram.org/bot8299256500:AAHX_Ce8xf61C6z0CIPr8Mm_F9gAS-kWrK8/getUpdates "HTTP/1.1 200 OK"
2025-07-26 17:24:20,975 - httpx - INFO - HTTP Request: POST https://api.telegram.org/bot8299256500:AAHX_Ce8xf61C6z0CIPr8Mm_F9gAS-kWrK8/getUpdates "HTTP/1.1 200 OK"
2025-07-26 17:24:31,215 - httpx - INFO - HTTP Request: POST https://api.telegram.org/bot8299256500:AAHX_Ce8xf61C6z0CIPr8Mm_F9gAS-kWrK8/getUpdates "HTTP/1.1 200 OK"
2025-07-26 17:24:41,455 - httpx - INFO - HTTP Request: POST https://api.telegram.org/bot8299256500:AAHX_Ce8xf61C6z0CIPr8Mm_F9gAS-kWrK8/getUpdates "HTTP/1.1 200 OK"
2025-07-26 17:24:51,695 - httpx - INFO - HTTP Request: POST https://api.telegram.org/bot8299256500:AAHX_Ce8xf61C6z0CIPr8Mm_F9gAS-kWrK8/getUpdates "HTTP/1.1 200 OK"
2025-07-26 17:25:01,935 - httpx - INFO - HTTP Request: POST https://api.telegram.org/bot8299256500:AAHX_Ce8xf61C6z0CIPr8Mm_F9gAS-kWrK8/getUpdates "HTTP/1.1 200 OK"
2025-07-26 17:25:12,174 - httpx - INFO - HTTP Request: POST https://api.telegram.org/bot8299256500:AAHX_Ce8xf61C6z0CIPr8Mm_F9gAS-kWrK8/getUpdates "HTTP/1.1 200 OK"
2025-07-26 17:25:22,359 - httpx - INFO - HTTP Request: POST https://api.telegram.org/bot8299256500:AAHX_Ce8xf61C6z0CIPr8Mm_F9gAS-kWrK8/getUpdates "HTTP/1.1 200 OK"
2025-07-26 17:25:32,553 - httpx - INFO - HTTP Request: POST https://api.telegram.org/bot8299256500:AAHX_Ce8xf61C6z0CIPr8Mm_F9gAS-kWrK8/getUpdates "HTTP/1.1 200 OK"
2025-07-26 17:25:42,793 - httpx - INFO - HTTP Request: POST https://api.telegram.org/bot8299256500:AAHX_Ce8xf61C6z0CIPr8Mm_F9gAS-kWrK8/getUpdates "HTTP/1.1 200 OK"
2025-07-26 17:25:53,032 - httpx - INFO - HTTP Request: POST https://api.telegram.org/bot8299256500:AAHX_Ce8xf61C6z0CIPr8Mm_F9gAS-kWrK8/getUpdates "HTTP/1.1 200 OK"
2025-07-26 17:26:03,272 - httpx - INFO - HTTP Request: POST https://api.telegram.org/bot8299256500:AAHX_Ce8xf61C6z0CIPr8Mm_F9gAS-kWrK8/getUpdates "HTTP/1.1 200 OK"
2025-07-26 17:26:03,682 - httpx - INFO - HTTP Request: POST https://api.telegram.org/bot8299256500:AAHX_Ce8xf61C6z0CIPr8Mm_F9gAS-kWrK8/getUpdates "HTTP/1.1 200 OK"
2025-07-26 17:26:03,683 - __main__ - INFO - [1880995822] Foto recibida
2025-07-26 17:26:03,683 - __main__ - INFO - referencia a la foto ->PhotoSize(file_id='AgACAgEAAxkBAAMPaIVQbf8GrpCA9Gf1oYMkUjMJjaYAAkKvMRv_hihENncIDuLqW6cBAAMCAAN5AAM2BA', file_size=80639, file_unique_id='AQADQq8xG_-GKER-', height=1280, width=720)
2025-07-26 17:26:04,297 - httpx - INFO - HTTP Request: POST https://api.telegram.org/bot8299256500:AAHX_Ce8xf61C6z0CIPr8Mm_F9gAS-kWrK8/getFile "HTTP/1.1 200 OK"
2025-07-26 17:26:04,708 - httpx - INFO - HTTP Request: GET https://api.telegram.org/file/bot8299256500%3AAAHX_Ce8xf61C6z0CIPr8Mm_F9gAS-kWrK8/photos/file_1.jpg "HTTP/1.1 200 OK"
2025-07-26 17:26:04,916 - __main__ - INFO - [1880995822] Foto descargada y guardada como 1880995822_AgACAgEAAxkBAAMPaIVQbf8GrpCA9Gf1oYMkUjMJjaYAAkKvMRv_hihENncIDuLqW6cBAAMCAAN5AAM2BA.jpg
2025-07-26 17:26:05,230 - httpx - INFO - HTTP Request: POST https://api.telegram.org/bot8299256500:AAHX_Ce8xf61C6z0CIPr8Mm_F9gAS-kWrK8/sendMessage "HTTP/1.1 200 OK"
2025-07-26 17:26:13,872 - httpx - INFO - HTTP Request: POST https://api.telegram.org/bot8299256500:AAHX_Ce8xf61C6z0CIPr8Mm_F9gAS-kWrK8/getUpdates "HTTP/1.1 200 OK"
2025-07-26 17:26:24,162 - httpx - INFO - HTTP Request: POST https://api.telegram.org/bot8299256500:AAHX_Ce8xf61C6z0CIPr8Mm_F9gAS-kWrK8/getUpdates "HTTP/1.1 200 OK"
2025-07-26 17:26:34,402 - httpx - INFO - HTTP Request: POST https://api.telegram.org/bot8299256500:AAHX_Ce8xf61C6z0CIPr8Mm_F9gAS-kWrK8/getUpdates "HTTP/1.1 200 OK"
2025-07-26 17:26:44,643 - httpx - INFO - HTTP Request: POST https://api.telegram.org/bot8299256500:AAHX_Ce8xf61C6z0CIPr8Mm_F9gAS-kWrK8/getUpdates "HTTP/1.1 200 OK"
2025-07-26 17:26:54,883 - httpx - INFO - HTTP Request: POST https://api.telegram.org/bot8299256500:AAHX_Ce8xf61C6z0CIPr8Mm_F9gAS-kWrK8/getUpdates "HTTP/1.1 200 OK"
2025-07-26 17:26:57,443 - httpx - INFO - HTTP Request: POST https://api.telegram.org/bot8299256500:AAHX_Ce8xf61C6z0CIPr8Mm_F9gAS-kWrK8/getUpdates "HTTP/1.1 200 OK"
2025-07-26 17:26:58,364 - httpx - INFO - HTTP Request: POST https://api.telegram.org/bot8299256500:AAHX_Ce8xf61C6z0CIPr8Mm_F9gAS-kWrK8/sendMessage "HTTP/1.1 200 OK"
2025-07-26 17:27:00,617 - httpx - INFO - HTTP Request: POST https://api.telegram.org/bot8299256500:AAHX_Ce8xf61C6z0CIPr8Mm_F9gAS-kWrK8/getUpdates "HTTP/1.1 200 OK"
2025-07-26 17:27:00,924 - httpx - INFO - HTTP Request: POST https://api.telegram.org/bot8299256500:AAHX_Ce8xf61C6z0CIPr8Mm_F9gAS-kWrK8/answerCallbackQuery "HTTP/1.1 200 OK"
2025-07-26 17:27:01,247 - httpx - INFO - HTTP Request: POST https://api.telegram.org/bot8299256500:AAHX_Ce8xf61C6z0CIPr8Mm_F9gAS-kWrK8/editMessageText "HTTP/1.1 200 OK"
2025-07-26 17:27:01,248 - __main__ - INFO - [1880995822] Serie rechazada.
2025-07-26 17:27:10,856 - httpx - INFO - HTTP Request: POST https://api.telegram.org/bot8299256500:AAHX_Ce8xf61C6z0CIPr8Mm_F9gAS-kWrK8/getUpdates "HTTP/1.1 200 OK"
2025-07-26 17:27:21,097 - httpx - INFO - HTTP Request: POST https://api.telegram.org/bot8299256500:AAHX_Ce8xf61C6z0CIPr8Mm_F9gAS-kWrK8/getUpdates "HTTP/1.1 200 OK"
2025-07-26 17:27:31,337 - httpx - INFO - HTTP Request: POST https://api.telegram.org/bot8299256500:AAHX_Ce8xf61C6z0CIPr8Mm_F9gAS-kWrK8/getUpdates "HTTP/1.1 200 OK"
2025-07-26 17:27:41,577 - httpx - INFO - HTTP Request: POST https://api.telegram.org/bot8299256500:AAHX_Ce8xf61C6z0CIPr8Mm_F9gAS-kWrK8/getUpdates "HTTP/1.1 200 OK"
2025-07-26 17:27:51,817 - httpx - INFO - HTTP Request: POST https://api.telegram.org/bot8299256500:AAHX_Ce8xf61C6z0CIPr8Mm_F9gAS-kWrK8/getUpdates "HTTP/1.1 200 OK"
2025-07-26 17:28:02,058 - httpx - INFO - HTTP Request: POST https://api.telegram.org/bot8299256500:AAHX_Ce8xf61C6z0CIPr8Mm_F9gAS-kWrK8/getUpdates "HTTP/1.1 200 OK"
2025-07-26 17:28:12,268 - httpx - INFO - HTTP Request: POST https://api.telegram.org/bot8299256500:AAHX_Ce8xf61C6z0CIPr8Mm_F9gAS-kWrK8/getUpdates "HTTP/1.1 200 OK"
2025-07-26 17:28:22,537 - httpx - INFO - HTTP Request: POST https://api.telegram.org/bot8299256500:AAHX_Ce8xf61C6z0CIPr8Mm_F9gAS-kWrK8/getUpdates "HTTP/1.1 200 OK"
2025-07-26 17:28:32,777 - httpx - INFO - HTTP Request: POST https://api.telegram.org/bot8299256500:AAHX_Ce8xf61C6z0CIPr8Mm_F9gAS-kWrK8/getUpdates "HTTP/1.1 200 OK"
2025-07-26 17:28:43,017 - httpx - INFO - HTTP Request: POST https://api.telegram.org/bot8299256500:AAHX_Ce8xf61C6z0CIPr8Mm_F9gAS-kWrK8/getUpdates "HTTP/1.1 200 OK"
2025-07-26 17:28:53,256 - httpx - INFO - HTTP Request: POST https://api.telegram.org/bot8299256500:AAHX_Ce8xf61C6z0CIPr8Mm_F9gAS-kWrK8/getUpdates "HTTP/1.1 200 OK"
2025-07-26 17:29:03,497 - httpx - INFO - HTTP Request: POST https://api.telegram.org/bot8299256500:AAHX_Ce8xf61C6z0CIPr8Mm_F9gAS-kWrK8/getUpdates "HTTP/1.1 200 OK"
2025-07-26 17:29:13,737 - httpx - INFO - HTTP Request: POST https://api.telegram.org/bot8299256500:AAHX_Ce8xf61C6z0CIPr8Mm_F9gAS-kWrK8/getUpdates "HTTP/1.1 200 OK"
2025-07-26 17:29:23,923 - httpx - INFO - HTTP Request: POST https://api.telegram.org/bot8299256500:AAHX_Ce8xf61C6z0CIPr8Mm_F9gAS-kWrK8/getUpdates "HTTP/1.1 200 OK"
2025-07-26 17:29:34,115 - httpx - INFO - HTTP Request: POST https://api.telegram.org/bot8299256500:AAHX_Ce8xf61C6z0CIPr8Mm_F9gAS-kWrK8/getUpdates "HTTP/1.1 200 OK"
2025-07-26 17:29:44,764 - httpx - INFO - HTTP Request: POST https://api.telegram.org/bot8299256500:AAHX_Ce8xf61C6z0CIPr8Mm_F9gAS-kWrK8/getUpdates "HTTP/1.1 200 OK"
2025-07-26 17:29:55,005 - httpx - INFO - HTTP Request: POST https://api.telegram.org/bot8299256500:AAHX_Ce8xf61C6z0CIPr8Mm_F9gAS-kWrK8/getUpdates "HTTP/1.1 200 OK"
2025-07-26 17:30:05,245 - httpx - INFO - HTTP Request: POST https://api.telegram.org/bot8299256500:AAHX_Ce8xf61C6z0CIPr8Mm_F9gAS-kWrK8/getUpdates "HTTP/1.1 200 OK"
2025-07-26 17:30:15,484 - httpx - INFO - HTTP Request: POST https://api.telegram.org/bot8299256500:AAHX_Ce8xf61C6z0CIPr8Mm_F9gAS-kWrK8/getUpdates "HTTP/1.1 200 OK"
2025-07-26 17:30:25,738 - httpx - INFO - HTTP Request: POST https://api.telegram.org/bot8299256500:AAHX_Ce8xf61C6z0CIPr8Mm_F9gAS-kWrK8/getUpdates "HTTP/1.1 200 OK"
2025-07-26 17:30:35,940 - httpx - INFO - HTTP Request: POST https://api.telegram.org/bot8299256500:AAHX_Ce8xf61C6z0CIPr8Mm_F9gAS-kWrK8/getUpdates "HTTP/1.1 200 OK"
2025-07-26 17:30:46,307 - httpx - INFO - HTTP Request: POST https://api.telegram.org/bot8299256500:AAHX_Ce8xf61C6z0CIPr8Mm_F9gAS-kWrK8/getUpdates "HTTP/1.1 200 OK"
2025-07-26 17:30:56,547 - httpx - INFO - HTTP Request: POST https://api.telegram.org/bot8299256500:AAHX_Ce8xf61C6z0CIPr8Mm_F9gAS-kWrK8/getUpdates "HTTP/1.1 200 OK"
2025-07-26 17:31:06,787 - httpx - INFO - HTTP Request: POST https://api.telegram.org/bot8299256500:AAHX_Ce8xf61C6z0CIPr8Mm_F9gAS-kWrK8/getUpdates "HTTP/1.1 200 OK"
2025-07-26 17:31:17,027 - httpx - INFO - HTTP Request: POST https://api.telegram.org/bot8299256500:AAHX_Ce8xf61C6z0CIPr8Mm_F9gAS-kWrK8/getUpdates "HTTP/1.1 200 OK"
2025-07-26 17:31:27,268 - httpx - INFO - HTTP Request: POST https://api.telegram.org/bot8299256500:AAHX_Ce8xf61C6z0CIPr8Mm_F9gAS-kWrK8/getUpdates "HTTP/1.1 200 OK"
2025-07-26 17:31:37,506 - httpx - INFO - HTTP Request: POST https://api.telegram.org/bot8299256500:AAHX_Ce8xf61C6z0CIPr8Mm_F9gAS-kWrK8/getUpdates "HTTP/1.1 200 OK"
2025-07-26 17:31:47,747 - httpx - INFO - HTTP Request: POST https://api.telegram.org/bot8299256500:AAHX_Ce8xf61C6z0CIPr8Mm_F9gAS-kWrK8/getUpdates "HTTP/1.1 200 OK"
2025-07-26 17:31:57,931 - httpx - INFO - HTTP Request: POST https://api.telegram.org/bot8299256500:AAHX_Ce8xf61C6z0CIPr8Mm_F9gAS-kWrK8/getUpdates "HTTP/1.1 200 OK"
2025-07-26 17:32:08,125 - httpx - INFO - HTTP Request: POST https://api.telegram.org/bot8299256500:AAHX_Ce8xf61C6z0CIPr8Mm_F9gAS-kWrK8/getUpdates "HTTP/1.1 200 OK"
2025-07-26 17:32:18,372 - httpx - INFO - HTTP Request: POST https://api.telegram.org/bot8299256500:AAHX_Ce8xf61C6z0CIPr8Mm_F9gAS-kWrK8/getUpdates "HTTP/1.1 200 OK"
2025-07-26 17:32:28,605 - httpx - INFO - HTTP Request: POST https://api.telegram.org/bot8299256500:AAHX_Ce8xf61C6z0CIPr8Mm_F9gAS-kWrK8/getUpdates "HTTP/1.1 200 OK"
2025-07-26 17:32:38,844 - httpx - INFO - HTTP Request: POST https://api.telegram.org/bot8299256500:AAHX_Ce8xf61C6z0CIPr8Mm_F9gAS-kWrK8/getUpdates "HTTP/1.1 200 OK"
2025-07-26 17:32:49,085 - httpx - INFO - HTTP Request: POST https://api.telegram.org/bot8299256500:AAHX_Ce8xf61C6z0CIPr8Mm_F9gAS-kWrK8/getUpdates "HTTP/1.1 200 OK"
2025-07-26 17:32:59,325 - httpx - INFO - HTTP Request: POST https://api.telegram.org/bot8299256500:AAHX_Ce8xf61C6z0CIPr8Mm_F9gAS-kWrK8/getUpdates "HTTP/1.1 200 OK"
2025-07-26 17:33:09,566 - httpx - INFO - HTTP Request: POST https://api.telegram.org/bot8299256500:AAHX_Ce8xf61C6z0CIPr8Mm_F9gAS-kWrK8/getUpdates "HTTP/1.1 200 OK"
2025-07-26 17:33:19,911 - httpx - INFO - HTTP Request: POST https://api.telegram.org/bot8299256500:AAHX_Ce8xf61C6z0CIPr8Mm_F9gAS-kWrK8/getUpdates "HTTP/1.1 200 OK"
2025-07-26 17:33:30,098 - httpx - INFO - HTTP Request: POST https://api.telegram.org/bot8299256500:AAHX_Ce8xf61C6z0CIPr8Mm_F9gAS-kWrK8/getUpdates "HTTP/1.1 200 OK"
2025-07-26 17:33:40,388 - httpx - INFO - HTTP Request: POST https://api.telegram.org/bot8299256500:AAHX_Ce8xf61C6z0CIPr8Mm_F9gAS-kWrK8/getUpdates "HTTP/1.1 200 OK"
2025-07-26 17:33:50,629 - httpx - INFO - HTTP Request: POST https://api.telegram.org/bot8299256500:AAHX_Ce8xf61C6z0CIPr8Mm_F9gAS-kWrK8/getUpdates "HTTP/1.1 200 OK"
2025-07-26 17:34:00,869 - httpx - INFO - HTTP Request: POST https://api.telegram.org/bot8299256500:AAHX_Ce8xf61C6z0CIPr8Mm_F9gAS-kWrK8/getUpdates "HTTP/1.1 200 OK"
2025-07-26 17:34:11,108 - httpx - INFO - HTTP Request: POST https://api.telegram.org/bot8299256500:AAHX_Ce8xf61C6z0CIPr8Mm_F9gAS-kWrK8/getUpdates "HTTP/1.1 200 OK"
2025-07-26 17:34:21,349 - httpx - INFO - HTTP Request: POST https://api.telegram.org/bot8299256500:AAHX_Ce8xf61C6z0CIPr8Mm_F9gAS-kWrK8/getUpdates "HTTP/1.1 200 OK"
2025-07-26 17:34:31,530 - httpx - INFO - HTTP Request: POST https://api.telegram.org/bot8299256500:AAHX_Ce8xf61C6z0CIPr8Mm_F9gAS-kWrK8/getUpdates "HTTP/1.1 200 OK"
2025-07-26 17:34:41,727 - httpx - INFO - HTTP Request: POST https://api.telegram.org/bot8299256500:AAHX_Ce8xf61C6z0CIPr8Mm_F9gAS-kWrK8/getUpdates "HTTP/1.1 200 OK"
2025-07-26 17:34:51,966 - httpx - INFO - HTTP Request: POST https://api.telegram.org/bot8299256500:AAHX_Ce8xf61C6z0CIPr8Mm_F9gAS-kWrK8/getUpdates "HTTP/1.1 200 OK"
2025-07-26 17:35:02,207 - httpx - INFO - HTTP Request: POST https://api.telegram.org/bot8299256500:AAHX_Ce8xf61C6z0CIPr8Mm_F9gAS-kWrK8/getUpdates "HTTP/1.1 200 OK"
2025-07-26 17:35:12,449 - httpx - INFO - HTTP Request: POST https://api.telegram.org/bot8299256500:AAHX_Ce8xf61C6z0CIPr8Mm_F9gAS-kWrK8/getUpdates "HTTP/1.1 200 OK"
2025-07-26 17:35:22,687 - httpx - INFO - HTTP Request: POST https://api.telegram.org/bot8299256500:AAHX_Ce8xf61C6z0CIPr8Mm_F9gAS-kWrK8/getUpdates "HTTP/1.1 200 OK"
2025-07-26 17:35:32,927 - httpx - INFO - HTTP Request: POST https://api.telegram.org/bot8299256500:AAHX_Ce8xf61C6z0CIPr8Mm_F9gAS-kWrK8/getUpdates "HTTP/1.1 200 OK"
2025-07-26 17:35:43,157 - httpx - INFO - HTTP Request: POST https://api.telegram.org/bot8299256500:AAHX_Ce8xf61C6z0CIPr8Mm_F9gAS-kWrK8/getUpdates "HTTP/1.1 200 OK"
2025-07-26 17:35:53,407 - httpx - INFO - HTTP Request: POST https://api.telegram.org/bot8299256500:AAHX_Ce8xf61C6z0CIPr8Mm_F9gAS-kWrK8/getUpdates "HTTP/1.1 200 OK"
2025-07-26 17:36:03,648 - httpx - INFO - HTTP Request: POST https://api.telegram.org/bot8299256500:AAHX_Ce8xf61C6z0CIPr8Mm_F9gAS-kWrK8/getUpdates "HTTP/1.1 200 OK"
2025-07-26 17:36:13,864 - httpx - INFO - HTTP Request: POST https://api.telegram.org/bot8299256500:AAHX_Ce8xf61C6z0CIPr8Mm_F9gAS-kWrK8/getUpdates "HTTP/1.1 200 OK"
2025-07-26 17:36:24,128 - httpx - INFO - HTTP Request: POST https://api.telegram.org/bot8299256500:AAHX_Ce8xf61C6z0CIPr8Mm_F9gAS-kWrK8/getUpdates "HTTP/1.1 200 OK"
2025-07-26 17:36:34,368 - httpx - INFO - HTTP Request: POST https://api.telegram.org/bot8299256500:AAHX_Ce8xf61C6z0CIPr8Mm_F9gAS-kWrK8/getUpdates "HTTP/1.1 200 OK"
2025-07-26 17:36:44,608 - httpx - INFO - HTTP Request: POST https://api.telegram.org/bot8299256500:AAHX_Ce8xf61C6z0CIPr8Mm_F9gAS-kWrK8/getUpdates "HTTP/1.1 200 OK"
2025-07-26 17:36:54,847 - httpx - INFO - HTTP Request: POST https://api.telegram.org/bot8299256500:AAHX_Ce8xf61C6z0CIPr8Mm_F9gAS-kWrK8/getUpdates "HTTP/1.1 200 OK"
2025-07-26 17:37:05,088 - httpx - INFO - HTTP Request: POST https://api.telegram.org/bot8299256500:AAHX_Ce8xf61C6z0CIPr8Mm_F9gAS-kWrK8/getUpdates "HTTP/1.1 200 OK"
2025-07-26 17:37:15,328 - httpx - INFO - HTTP Request: POST https://api.telegram.org/bot8299256500:AAHX_Ce8xf61C6z0CIPr8Mm_F9gAS-kWrK8/getUpdates "HTTP/1.1 200 OK"
2025-07-26 17:37:25,568 - httpx - INFO - HTTP Request: POST https://api.telegram.org/bot8299256500:AAHX_Ce8xf61C6z0CIPr8Mm_F9gAS-kWrK8/getUpdates "HTTP/1.1 200 OK"
2025-07-26 17:37:35,757 - httpx - INFO - HTTP Request: POST https://api.telegram.org/bot8299256500:AAHX_Ce8xf61C6z0CIPr8Mm_F9gAS-kWrK8/getUpdates "HTTP/1.1 200 OK"
2025-07-26 17:37:46,021 - httpx - INFO - HTTP Request: POST https://api.telegram.org/bot8299256500:AAHX_Ce8xf61C6z0CIPr8Mm_F9gAS-kWrK8/getUpdates "HTTP/1.1 200 OK"
2025-07-26 17:37:56,200 - httpx - INFO - HTTP Request: POST https://api.telegram.org/bot8299256500:AAHX_Ce8xf61C6z0CIPr8Mm_F9gAS-kWrK8/getUpdates "HTTP/1.1 200 OK"
2025-07-26 17:38:06,425 - httpx - INFO - HTTP Request: POST https://api.telegram.org/bot8299256500:AAHX_Ce8xf61C6z0CIPr8Mm_F9gAS-kWrK8/getUpdates "HTTP/1.1 200 OK"
2025-07-26 17:38:16,613 - httpx - INFO - HTTP Request: POST https://api.telegram.org/bot8299256500:AAHX_Ce8xf61C6z0CIPr8Mm_F9gAS-kWrK8/getUpdates "HTTP/1.1 200 OK"
2025-07-26 17:38:26,804 - httpx - INFO - HTTP Request: POST https://api.telegram.org/bot8299256500:AAHX_Ce8xf61C6z0CIPr8Mm_F9gAS-kWrK8/getUpdates "HTTP/1.1 200 OK"
2025-07-26 17:38:37,043 - httpx - INFO - HTTP Request: POST https://api.telegram.org/bot8299256500:AAHX_Ce8xf61C6z0CIPr8Mm_F9gAS-kWrK8/getUpdates "HTTP/1.1 200 OK"
2025-07-26 17:38:47,237 - httpx - INFO - HTTP Request: POST https://api.telegram.org/bot8299256500:AAHX_Ce8xf61C6z0CIPr8Mm_F9gAS-kWrK8/getUpdates "HTTP/1.1 200 OK"
2025-07-26 17:38:57,524 - httpx - INFO - HTTP Request: POST https://api.telegram.org/bot8299256500:AAHX_Ce8xf61C6z0CIPr8Mm_F9gAS-kWrK8/getUpdates "HTTP/1.1 200 OK"
2025-07-26 17:39:07,702 - httpx - INFO - HTTP Request: POST https://api.telegram.org/bot8299256500:AAHX_Ce8xf61C6z0CIPr8Mm_F9gAS-kWrK8/getUpdates "HTTP/1.1 200 OK"
2025-07-26 17:39:17,905 - httpx - INFO - HTTP Request: POST https://api.telegram.org/bot8299256500:AAHX_Ce8xf61C6z0CIPr8Mm_F9gAS-kWrK8/getUpdates "HTTP/1.1 200 OK"
2025-07-26 17:39:28,142 - httpx - INFO - HTTP Request: POST https://api.telegram.org/bot8299256500:AAHX_Ce8xf61C6z0CIPr8Mm_F9gAS-kWrK8/getUpdates "HTTP/1.1 200 OK"
2025-07-26 17:39:38,382 - httpx - INFO - HTTP Request: POST https://api.telegram.org/bot8299256500:AAHX_Ce8xf61C6z0CIPr8Mm_F9gAS-kWrK8/getUpdates "HTTP/1.1 200 OK"
2025-07-26 17:39:48,586 - httpx - INFO - HTTP Request: POST https://api.telegram.org/bot8299256500:AAHX_Ce8xf61C6z0CIPr8Mm_F9gAS-kWrK8/getUpdates "HTTP/1.1 200 OK"
2025-07-26 17:39:58,863 - httpx - INFO - HTTP Request: POST https://api.telegram.org/bot8299256500:AAHX_Ce8xf61C6z0CIPr8Mm_F9gAS-kWrK8/getUpdates "HTTP/1.1 200 OK"
2025-07-26 17:40:09,614 - httpx - INFO - HTTP Request: POST https://api.telegram.org/bot8299256500:AAHX_Ce8xf61C6z0CIPr8Mm_F9gAS-kWrK8/getUpdates "HTTP/1.1 200 OK"
2025-07-26 17:40:19,854 - httpx - INFO - HTTP Request: POST https://api.telegram.org/bot8299256500:AAHX_Ce8xf61C6z0CIPr8Mm_F9gAS-kWrK8/getUpdates "HTTP/1.1 200 OK"
2025-07-26 17:40:30,054 - httpx - INFO - HTTP Request: POST https://api.telegram.org/bot8299256500:AAHX_Ce8xf61C6z0CIPr8Mm_F9gAS-kWrK8/getUpdates "HTTP/1.1 200 OK"
2025-07-26 17:40:40,334 - httpx - INFO - HTTP Request: POST https://api.telegram.org/bot8299256500:AAHX_Ce8xf61C6z0CIPr8Mm_F9gAS-kWrK8/getUpdates "HTTP/1.1 200 OK"
2025-07-26 17:40:50,577 - httpx - INFO - HTTP Request: POST https://api.telegram.org/bot8299256500:AAHX_Ce8xf61C6z0CIPr8Mm_F9gAS-kWrK8/getUpdates "HTTP/1.1 200 OK"
2025-07-26 17:41:00,815 - httpx - INFO - HTTP Request: POST https://api.telegram.org/bot8299256500:AAHX_Ce8xf61C6z0CIPr8Mm_F9gAS-kWrK8/getUpdates "HTTP/1.1 200 OK"
2025-07-26 17:41:11,054 - httpx - INFO - HTTP Request: POST https://api.telegram.org/bot8299256500:AAHX_Ce8xf61C6z0CIPr8Mm_F9gAS-kWrK8/getUpdates "HTTP/1.1 200 OK"
2025-07-26 17:41:21,294 - httpx - INFO - HTTP Request: POST https://api.telegram.org/bot8299256500:AAHX_Ce8xf61C6z0CIPr8Mm_F9gAS-kWrK8/getUpdates "HTTP/1.1 200 OK"
2025-07-26 17:41:31,535 - httpx - INFO - HTTP Request: POST https://api.telegram.org/bot8299256500:AAHX_Ce8xf61C6z0CIPr8Mm_F9gAS-kWrK8/getUpdates "HTTP/1.1 200 OK"
2025-07-26 17:41:41,775 - httpx - INFO - HTTP Request: POST https://api.telegram.org/bot8299256500:AAHX_Ce8xf61C6z0CIPr8Mm_F9gAS-kWrK8/getUpdates "HTTP/1.1 200 OK"
2025-07-26 17:41:52,016 - httpx - INFO - HTTP Request: POST https://api.telegram.org/bot8299256500:AAHX_Ce8xf61C6z0CIPr8Mm_F9gAS-kWrK8/getUpdates "HTTP/1.1 200 OK"
2025-07-26 17:42:02,254 - httpx - INFO - HTTP Request: POST https://api.telegram.org/bot8299256500:AAHX_Ce8xf61C6z0CIPr8Mm_F9gAS-kWrK8/getUpdates "HTTP/1.1 200 OK"
2025-07-26 17:42:12,495 - httpx - INFO - HTTP Request: POST https://api.telegram.org/bot8299256500:AAHX_Ce8xf61C6z0CIPr8Mm_F9gAS-kWrK8/getUpdates "HTTP/1.1 200 OK"
2025-07-26 17:42:22,737 - httpx - INFO - HTTP Request: POST https://api.telegram.org/bot8299256500:AAHX_Ce8xf61C6z0CIPr8Mm_F9gAS-kWrK8/getUpdates "HTTP/1.1 200 OK"
2025-07-26 17:42:32,975 - httpx - INFO - HTTP Request: POST https://api.telegram.org/bot8299256500:AAHX_Ce8xf61C6z0CIPr8Mm_F9gAS-kWrK8/getUpdates "HTTP/1.1 200 OK"
2025-07-26 17:42:43,215 - httpx - INFO - HTTP Request: POST https://api.telegram.org/bot8299256500:AAHX_Ce8xf61C6z0CIPr8Mm_F9gAS-kWrK8/getUpdates "HTTP/1.1 200 OK"
2025-07-26 17:42:53,455 - httpx - INFO - HTTP Request: POST https://api.telegram.org/bot8299256500:AAHX_Ce8xf61C6z0CIPr8Mm_F9gAS-kWrK8/getUpdates "HTTP/1.1 200 OK"
2025-07-26 17:43:03,696 - httpx - INFO - HTTP Request: POST https://api.telegram.org/bot8299256500:AAHX_Ce8xf61C6z0CIPr8Mm_F9gAS-kWrK8/getUpdates "HTTP/1.1 200 OK"
2025-07-26 17:43:13,897 - httpx - INFO - HTTP Request: POST https://api.telegram.org/bot8299256500:AAHX_Ce8xf61C6z0CIPr8Mm_F9gAS-kWrK8/getUpdates "HTTP/1.1 200 OK"
2025-07-26 17:43:24,083 - httpx - INFO - HTTP Request: POST https://api.telegram.org/bot8299256500:AAHX_Ce8xf61C6z0CIPr8Mm_F9gAS-kWrK8/getUpdates "HTTP/1.1 200 OK"
2025-07-26 17:43:34,313 - httpx - INFO - HTTP Request: POST https://api.telegram.org/bot8299256500:AAHX_Ce8xf61C6z0CIPr8Mm_F9gAS-kWrK8/getUpdates "HTTP/1.1 200 OK"
2025-07-26 17:43:44,553 - httpx - INFO - HTTP Request: POST https://api.telegram.org/bot8299256500:AAHX_Ce8xf61C6z0CIPr8Mm_F9gAS-kWrK8/getUpdates "HTTP/1.1 200 OK"
2025-07-26 17:43:54,794 - httpx - INFO - HTTP Request: POST https://api.telegram.org/bot8299256500:AAHX_Ce8xf61C6z0CIPr8Mm_F9gAS-kWrK8/getUpdates "HTTP/1.1 200 OK"
2025-07-26 17:44:05,034 - httpx - INFO - HTTP Request: POST https://api.telegram.org/bot8299256500:AAHX_Ce8xf61C6z0CIPr8Mm_F9gAS-kWrK8/getUpdates "HTTP/1.1 200 OK"
2025-07-26 17:44:15,274 - httpx - INFO - HTTP Request: POST https://api.telegram.org/bot8299256500:AAHX_Ce8xf61C6z0CIPr8Mm_F9gAS-kWrK8/getUpdates "HTTP/1.1 200 OK"
2025-07-26 17:44:25,513 - httpx - INFO - HTTP Request: POST https://api.telegram.org/bot8299256500:AAHX_Ce8xf61C6z0CIPr8Mm_F9gAS-kWrK8/getUpdates "HTTP/1.1 200 OK"
2025-07-26 17:44:35,754 - httpx - INFO - HTTP Request: POST https://api.telegram.org/bot8299256500:AAHX_Ce8xf61C6z0CIPr8Mm_F9gAS-kWrK8/getUpdates "HTTP/1.1 200 OK"
2025-07-26 17:44:45,993 - httpx - INFO - HTTP Request: POST https://api.telegram.org/bot8299256500:AAHX_Ce8xf61C6z0CIPr8Mm_F9gAS-kWrK8/getUpdates "HTTP/1.1 200 OK"
2025-07-26 17:44:56,234 - httpx - INFO - HTTP Request: POST https://api.telegram.org/bot8299256500:AAHX_Ce8xf61C6z0CIPr8Mm_F9gAS-kWrK8/getUpdates "HTTP/1.1 200 OK"
2025-07-26 17:45:06,474 - httpx - INFO - HTTP Request: POST https://api.telegram.org/bot8299256500:AAHX_Ce8xf61C6z0CIPr8Mm_F9gAS-kWrK8/getUpdates "HTTP/1.1 200 OK"
2025-07-26 17:45:16,716 - httpx - INFO - HTTP Request: POST https://api.telegram.org/bot8299256500:AAHX_Ce8xf61C6z0CIPr8Mm_F9gAS-kWrK8/getUpdates "HTTP/1.1 200 OK"
2025-07-26 17:45:26,954 - httpx - INFO - HTTP Request: POST https://api.telegram.org/bot8299256500:AAHX_Ce8xf61C6z0CIPr8Mm_F9gAS-kWrK8/getUpdates "HTTP/1.1 200 OK"
2025-07-26 17:45:37,194 - httpx - INFO - HTTP Request: POST https://api.telegram.org/bot8299256500:AAHX_Ce8xf61C6z0CIPr8Mm_F9gAS-kWrK8/getUpdates "HTTP/1.1 200 OK"
2025-07-26 17:45:47,434 - httpx - INFO - HTTP Request: POST https://api.telegram.org/bot8299256500:AAHX_Ce8xf61C6z0CIPr8Mm_F9gAS-kWrK8/getUpdates "HTTP/1.1 200 OK"
2025-07-26 17:45:57,674 - httpx - INFO - HTTP Request: POST https://api.telegram.org/bot8299256500:AAHX_Ce8xf61C6z0CIPr8Mm_F9gAS-kWrK8/getUpdates "HTTP/1.1 200 OK"
2025-07-26 17:46:07,913 - httpx - INFO - HTTP Request: POST https://api.telegram.org/bot8299256500:AAHX_Ce8xf61C6z0CIPr8Mm_F9gAS-kWrK8/getUpdates "HTTP/1.1 200 OK"
2025-07-26 17:46:18,115 - httpx - INFO - HTTP Request: POST https://api.telegram.org/bot8299256500:AAHX_Ce8xf61C6z0CIPr8Mm_F9gAS-kWrK8/getUpdates "HTTP/1.1 200 OK"
2025-07-26 17:46:28,395 - httpx - INFO - HTTP Request: POST https://api.telegram.org/bot8299256500:AAHX_Ce8xf61C6z0CIPr8Mm_F9gAS-kWrK8/getUpdates "HTTP/1.1 200 OK"
2025-07-26 17:46:38,635 - httpx - INFO - HTTP Request: POST https://api.telegram.org/bot8299256500:AAHX_Ce8xf61C6z0CIPr8Mm_F9gAS-kWrK8/getUpdates "HTTP/1.1 200 OK"
2025-07-26 17:46:48,875 - httpx - INFO - HTTP Request: POST https://api.telegram.org/bot8299256500:AAHX_Ce8xf61C6z0CIPr8Mm_F9gAS-kWrK8/getUpdates "HTTP/1.1 200 OK"
2025-07-26 17:46:59,115 - httpx - INFO - HTTP Request: POST https://api.telegram.org/bot8299256500:AAHX_Ce8xf61C6z0CIPr8Mm_F9gAS-kWrK8/getUpdates "HTTP/1.1 200 OK"
2025-07-26 17:47:09,355 - httpx - INFO - HTTP Request: POST https://api.telegram.org/bot8299256500:AAHX_Ce8xf61C6z0CIPr8Mm_F9gAS-kWrK8/getUpdates "HTTP/1.1 200 OK"
2025-07-26 17:47:19,595 - httpx - INFO - HTTP Request: POST https://api.telegram.org/bot8299256500:AAHX_Ce8xf61C6z0CIPr8Mm_F9gAS-kWrK8/getUpdates "HTTP/1.1 200 OK"
2025-07-26 17:47:29,835 - httpx - INFO - HTTP Request: POST https://api.telegram.org/bot8299256500:AAHX_Ce8xf61C6z0CIPr8Mm_F9gAS-kWrK8/getUpdates "HTTP/1.1 200 OK"
2025-07-26 17:47:40,075 - httpx - INFO - HTTP Request: POST https://api.telegram.org/bot8299256500:AAHX_Ce8xf61C6z0CIPr8Mm_F9gAS-kWrK8/getUpdates "HTTP/1.1 200 OK"
2025-07-26 17:47:50,315 - httpx - INFO - HTTP Request: POST https://api.telegram.org/bot8299256500:AAHX_Ce8xf61C6z0CIPr8Mm_F9gAS-kWrK8/getUpdates "HTTP/1.1 200 OK"
2025-07-26 17:48:00,555 - httpx - INFO - HTTP Request: POST https://api.telegram.org/bot8299256500:AAHX_Ce8xf61C6z0CIPr8Mm_F9gAS-kWrK8/getUpdates "HTTP/1.1 200 OK"
2025-07-26 17:48:10,796 - httpx - INFO - HTTP Request: POST https://api.telegram.org/bot8299256500:AAHX_Ce8xf61C6z0CIPr8Mm_F9gAS-kWrK8/getUpdates "HTTP/1.1 200 OK"
2025-07-26 17:48:21,138 - httpx - INFO - HTTP Request: POST https://api.telegram.org/bot8299256500:AAHX_Ce8xf61C6z0CIPr8Mm_F9gAS-kWrK8/getUpdates "HTTP/1.1 200 OK"
2025-07-26 17:48:31,378 - httpx - INFO - HTTP Request: POST https://api.telegram.org/bot8299256500:AAHX_Ce8xf61C6z0CIPr8Mm_F9gAS-kWrK8/getUpdates "HTTP/1.1 200 OK"
2025-07-26 17:48:39,881 - httpx - INFO - HTTP Request: POST https://api.telegram.org/bot8299256500:AAHX_Ce8xf61C6z0CIPr8Mm_F9gAS-kWrK8/getUpdates "HTTP/1.1 200 OK"
2025-07-26 17:48:40,601 - httpx - INFO - HTTP Request: POST https://api.telegram.org/bot8299256500:AAHX_Ce8xf61C6z0CIPr8Mm_F9gAS-kWrK8/sendMessage "HTTP/1.1 200 OK"
2025-07-26 17:48:50,117 - httpx - INFO - HTTP Request: POST https://api.telegram.org/bot8299256500:AAHX_Ce8xf61C6z0CIPr8Mm_F9gAS-kWrK8/getUpdates "HTTP/1.1 200 OK"
2025-07-26 17:49:00,308 - httpx - INFO - HTTP Request: POST https://api.telegram.org/bot8299256500:AAHX_Ce8xf61C6z0CIPr8Mm_F9gAS-kWrK8/getUpdates "HTTP/1.1 200 OK"
2025-07-26 17:49:10,601 - httpx - INFO - HTTP Request: POST https://api.telegram.org/bot8299256500:AAHX_Ce8xf61C6z0CIPr8Mm_F9gAS-kWrK8/getUpdates "HTTP/1.1 200 OK"
2025-07-26 17:49:20,841 - httpx - INFO - HTTP Request: POST https://api.telegram.org/bot8299256500:AAHX_Ce8xf61C6z0CIPr8Mm_F9gAS-kWrK8/getUpdates "HTTP/1.1 200 OK"
2025-07-26 17:49:31,078 - httpx - INFO - HTTP Request: POST https://api.telegram.org/bot8299256500:AAHX_Ce8xf61C6z0CIPr8Mm_F9gAS-kWrK8/getUpdates "HTTP/1.1 200 OK"
2025-07-26 17:49:41,322 - httpx - INFO - HTTP Request: POST https://api.telegram.org/bot8299256500:AAHX_Ce8xf61C6z0CIPr8Mm_F9gAS-kWrK8/getUpdates "HTTP/1.1 200 OK"
2025-07-26 17:49:51,558 - httpx - INFO - HTTP Request: POST https://api.telegram.org/bot8299256500:AAHX_Ce8xf61C6z0CIPr8Mm_F9gAS-kWrK8/getUpdates "HTTP/1.1 200 OK"
2025-07-26 17:50:01,797 - httpx - INFO - HTTP Request: POST https://api.telegram.org/bot8299256500:AAHX_Ce8xf61C6z0CIPr8Mm_F9gAS-kWrK8/getUpdates "HTTP/1.1 200 OK"
2025-07-26 17:50:12,009 - httpx - INFO - HTTP Request: POST https://api.telegram.org/bot8299256500:AAHX_Ce8xf61C6z0CIPr8Mm_F9gAS-kWrK8/getUpdates "HTTP/1.1 200 OK"
2025-07-26 17:50:22,192 - httpx - INFO - HTTP Request: POST https://api.telegram.org/bot8299256500:AAHX_Ce8xf61C6z0CIPr8Mm_F9gAS-kWrK8/getUpdates "HTTP/1.1 200 OK"
2025-07-26 17:50:32,416 - httpx - INFO - HTTP Request: POST https://api.telegram.org/bot8299256500:AAHX_Ce8xf61C6z0CIPr8Mm_F9gAS-kWrK8/getUpdates "HTTP/1.1 200 OK"
2025-07-26 17:50:42,656 - httpx - INFO - HTTP Request: POST https://api.telegram.org/bot8299256500:AAHX_Ce8xf61C6z0CIPr8Mm_F9gAS-kWrK8/getUpdates "HTTP/1.1 200 OK"
2025-07-26 17:50:52,895 - httpx - INFO - HTTP Request: POST https://api.telegram.org/bot8299256500:AAHX_Ce8xf61C6z0CIPr8Mm_F9gAS-kWrK8/getUpdates "HTTP/1.1 200 OK"
2025-07-26 17:51:03,079 - httpx - INFO - HTTP Request: POST https://api.telegram.org/bot8299256500:AAHX_Ce8xf61C6z0CIPr8Mm_F9gAS-kWrK8/getUpdates "HTTP/1.1 200 OK"
2025-07-26 17:51:13,273 - httpx - INFO - HTTP Request: POST https://api.telegram.org/bot8299256500:AAHX_Ce8xf61C6z0CIPr8Mm_F9gAS-kWrK8/getUpdates "HTTP/1.1 200 OK"
2025-07-26 17:51:23,514 - httpx - INFO - HTTP Request: POST https://api.telegram.org/bot8299256500:AAHX_Ce8xf61C6z0CIPr8Mm_F9gAS-kWrK8/getUpdates "HTTP/1.1 200 OK"
2025-07-26 17:51:33,754 - httpx - INFO - HTTP Request: POST https://api.telegram.org/bot8299256500:AAHX_Ce8xf61C6z0CIPr8Mm_F9gAS-kWrK8/getUpdates "HTTP/1.1 200 OK"
2025-07-26 17:51:43,993 - httpx - INFO - HTTP Request: POST https://api.telegram.org/bot8299256500:AAHX_Ce8xf61C6z0CIPr8Mm_F9gAS-kWrK8/getUpdates "HTTP/1.1 200 OK"
2025-07-26 17:51:54,197 - httpx - INFO - HTTP Request: POST https://api.telegram.org/bot8299256500:AAHX_Ce8xf61C6z0CIPr8Mm_F9gAS-kWrK8/getUpdates "HTTP/1.1 200 OK"
2025-07-26 17:52:04,474 - httpx - INFO - HTTP Request: POST https://api.telegram.org/bot8299256500:AAHX_Ce8xf61C6z0CIPr8Mm_F9gAS-kWrK8/getUpdates "HTTP/1.1 200 OK"
2025-07-26 17:52:14,715 - httpx - INFO - HTTP Request: POST https://api.telegram.org/bot8299256500:AAHX_Ce8xf61C6z0CIPr8Mm_F9gAS-kWrK8/getUpdates "HTTP/1.1 200 OK"
2025-07-26 17:52:24,906 - httpx - INFO - HTTP Request: POST https://api.telegram.org/bot8299256500:AAHX_Ce8xf61C6z0CIPr8Mm_F9gAS-kWrK8/getUpdates "HTTP/1.1 200 OK"
2025-07-26 17:52:35,195 - httpx - INFO - HTTP Request: POST https://api.telegram.org/bot8299256500:AAHX_Ce8xf61C6z0CIPr8Mm_F9gAS-kWrK8/getUpdates "HTTP/1.1 200 OK"
2025-07-26 17:52:45,386 - httpx - INFO - HTTP Request: POST https://api.telegram.org/bot8299256500:AAHX_Ce8xf61C6z0CIPr8Mm_F9gAS-kWrK8/getUpdates "HTTP/1.1 200 OK"
2025-07-26 17:52:55,675 - httpx - INFO - HTTP Request: POST https://api.telegram.org/bot8299256500:AAHX_Ce8xf61C6z0CIPr8Mm_F9gAS-kWrK8/getUpdates "HTTP/1.1 200 OK"
2025-07-26 17:53:05,857 - httpx - INFO - HTTP Request: POST https://api.telegram.org/bot8299256500:AAHX_Ce8xf61C6z0CIPr8Mm_F9gAS-kWrK8/getUpdates "HTTP/1.1 200 OK"
2025-07-26 17:53:16,052 - httpx - INFO - HTTP Request: POST https://api.telegram.org/bot8299256500:AAHX_Ce8xf61C6z0CIPr8Mm_F9gAS-kWrK8/getUpdates "HTTP/1.1 200 OK"
2025-07-26 17:53:26,241 - httpx - INFO - HTTP Request: POST https://api.telegram.org/bot8299256500:AAHX_Ce8xf61C6z0CIPr8Mm_F9gAS-kWrK8/getUpdates "HTTP/1.1 200 OK"
2025-07-26 17:53:36,434 - httpx - INFO - HTTP Request: POST https://api.telegram.org/bot8299256500:AAHX_Ce8xf61C6z0CIPr8Mm_F9gAS-kWrK8/getUpdates "HTTP/1.1 200 OK"
2025-07-26 17:53:46,673 - httpx - INFO - HTTP Request: POST https://api.telegram.org/bot8299256500:AAHX_Ce8xf61C6z0CIPr8Mm_F9gAS-kWrK8/getUpdates "HTTP/1.1 200 OK"
2025-07-26 17:53:56,916 - httpx - INFO - HTTP Request: POST https://api.telegram.org/bot8299256500:AAHX_Ce8xf61C6z0CIPr8Mm_F9gAS-kWrK8/getUpdates "HTTP/1.1 200 OK"
2025-07-26 17:54:07,154 - httpx - INFO - HTTP Request: POST https://api.telegram.org/bot8299256500:AAHX_Ce8xf61C6z0CIPr8Mm_F9gAS-kWrK8/getUpdates "HTTP/1.1 200 OK"
2025-07-26 17:54:17,394 - httpx - INFO - HTTP Request: POST https://api.telegram.org/bot8299256500:AAHX_Ce8xf61C6z0CIPr8Mm_F9gAS-kWrK8/getUpdates "HTTP/1.1 200 OK"
2025-07-26 17:54:27,633 - httpx - INFO - HTTP Request: POST https://api.telegram.org/bot8299256500:AAHX_Ce8xf61C6z0CIPr8Mm_F9gAS-kWrK8/getUpdates "HTTP/1.1 200 OK"
2025-07-26 17:54:37,875 - httpx - INFO - HTTP Request: POST https://api.telegram.org/bot8299256500:AAHX_Ce8xf61C6z0CIPr8Mm_F9gAS-kWrK8/getUpdates "HTTP/1.1 200 OK"
2025-07-26 17:54:48,114 - httpx - INFO - HTTP Request: POST https://api.telegram.org/bot8299256500:AAHX_Ce8xf61C6z0CIPr8Mm_F9gAS-kWrK8/getUpdates "HTTP/1.1 200 OK"
2025-07-26 17:54:58,354 - httpx - INFO - HTTP Request: POST https://api.telegram.org/bot8299256500:AAHX_Ce8xf61C6z0CIPr8Mm_F9gAS-kWrK8/getUpdates "HTTP/1.1 200 OK"
2025-07-26 17:55:08,595 - httpx - INFO - HTTP Request: POST https://api.telegram.org/bot8299256500:AAHX_Ce8xf61C6z0CIPr8Mm_F9gAS-kWrK8/getUpdates "HTTP/1.1 200 OK"
2025-07-26 17:55:18,835 - httpx - INFO - HTTP Request: POST https://api.telegram.org/bot8299256500:AAHX_Ce8xf61C6z0CIPr8Mm_F9gAS-kWrK8/getUpdates "HTTP/1.1 200 OK"
2025-07-26 17:55:29,074 - httpx - INFO - HTTP Request: POST https://api.telegram.org/bot8299256500:AAHX_Ce8xf61C6z0CIPr8Mm_F9gAS-kWrK8/getUpdates "HTTP/1.1 200 OK"
2025-07-26 17:55:39,314 - httpx - INFO - HTTP Request: POST https://api.telegram.org/bot8299256500:AAHX_Ce8xf61C6z0CIPr8Mm_F9gAS-kWrK8/getUpdates "HTTP/1.1 200 OK"
2025-07-26 17:55:49,555 - httpx - INFO - HTTP Request: POST https://api.telegram.org/bot8299256500:AAHX_Ce8xf61C6z0CIPr8Mm_F9gAS-kWrK8/getUpdates "HTTP/1.1 200 OK"
2025-07-26 17:55:59,796 - httpx - INFO - HTTP Request: POST https://api.telegram.org/bot8299256500:AAHX_Ce8xf61C6z0CIPr8Mm_F9gAS-kWrK8/getUpdates "HTTP/1.1 200 OK"
2025-07-26 17:56:10,035 - httpx - INFO - HTTP Request: POST https://api.telegram.org/bot8299256500:AAHX_Ce8xf61C6z0CIPr8Mm_F9gAS-kWrK8/getUpdates "HTTP/1.1 200 OK"
2025-07-26 17:56:20,281 - httpx - INFO - HTTP Request: POST https://api.telegram.org/bot8299256500:AAHX_Ce8xf61C6z0CIPr8Mm_F9gAS-kWrK8/getUpdates "HTTP/1.1 200 OK"
2025-07-26 17:56:30,516 - httpx - INFO - HTTP Request: POST https://api.telegram.org/bot8299256500:AAHX_Ce8xf61C6z0CIPr8Mm_F9gAS-kWrK8/getUpdates "HTTP/1.1 200 OK"
2025-07-26 17:56:40,754 - httpx - INFO - HTTP Request: POST https://api.telegram.org/bot8299256500:AAHX_Ce8xf61C6z0CIPr8Mm_F9gAS-kWrK8/getUpdates "HTTP/1.1 200 OK"
2025-07-26 17:56:50,996 - httpx - INFO - HTTP Request: POST https://api.telegram.org/bot8299256500:AAHX_Ce8xf61C6z0CIPr8Mm_F9gAS-kWrK8/getUpdates "HTTP/1.1 200 OK"
2025-07-26 17:56:57,451 - httpx - INFO - HTTP Request: POST https://api.telegram.org/bot8299256500:AAHX_Ce8xf61C6z0CIPr8Mm_F9gAS-kWrK8/getUpdates "HTTP/1.1 200 OK"
2025-07-26 17:56:58,167 - httpx - INFO - HTTP Request: POST https://api.telegram.org/bot8299256500:AAHX_Ce8xf61C6z0CIPr8Mm_F9gAS-kWrK8/sendMessage "HTTP/1.1 200 OK"
2025-07-26 17:57:01,133 - httpx - INFO - HTTP Request: POST https://api.telegram.org/bot8299256500:AAHX_Ce8xf61C6z0CIPr8Mm_F9gAS-kWrK8/getUpdates "HTTP/1.1 200 OK"
2025-07-26 17:57:01,440 - httpx - INFO - HTTP Request: POST https://api.telegram.org/bot8299256500:AAHX_Ce8xf61C6z0CIPr8Mm_F9gAS-kWrK8/answerCallbackQuery "HTTP/1.1 200 OK"
2025-07-26 17:57:01,850 - httpx - INFO - HTTP Request: POST https://api.telegram.org/bot8299256500:AAHX_Ce8xf61C6z0CIPr8Mm_F9gAS-kWrK8/editMessageText "HTTP/1.1 200 OK"
2025-07-26 17:57:01,851 - __main__ - INFO - [1880995822] Serie confirmada: Jjjjj
2025-07-26 17:57:11,374 - httpx - INFO - HTTP Request: POST https://api.telegram.org/bot8299256500:AAHX_Ce8xf61C6z0CIPr8Mm_F9gAS-kWrK8/getUpdates "HTTP/1.1 200 OK"
2025-07-26 17:57:13,838 - httpx - INFO - HTTP Request: POST https://api.telegram.org/bot8299256500:AAHX_Ce8xf61C6z0CIPr8Mm_F9gAS-kWrK8/getUpdates "HTTP/1.1 200 OK"
2025-07-26 17:57:13,839 - __main__ - INFO - [1880995822] Foto recibida
2025-07-26 17:57:13,839 - __main__ - INFO - referencia a la foto ->PhotoSize(file_id='AgACAgEAAxkBAAMPaIVQbf8GrpCA9Gf1oYMkUjMJjaYAAkKvMRv_hihENncIDuLqW6cBAAMCAAN5AAM2BA', file_size=80639, file_unique_id='AQADQq8xG_-GKER-', height=1280, width=720)
2025-07-26 17:57:14,399 - httpx - INFO - HTTP Request: POST https://api.telegram.org/bot8299256500:AAHX_Ce8xf61C6z0CIPr8Mm_F9gAS-kWrK8/getFile "HTTP/1.1 200 OK"
2025-07-26 17:57:14,753 - httpx - INFO - HTTP Request: GET https://api.telegram.org/file/bot8299256500%3AAAHX_Ce8xf61C6z0CIPr8Mm_F9gAS-kWrK8/photos/file_1.jpg "HTTP/1.1 200 OK"
2025-07-26 17:57:14,942 - __main__ - INFO - [1880995822] Foto descargada y guardada como 1880995822_AgACAgEAAxkBAAMPaIVQbf8GrpCA9Gf1oYMkUjMJjaYAAkKvMRv_hihENncIDuLqW6cBAAMCAAN5AAM2BA.jpg
2025-07-26 17:57:15,262 - httpx - INFO - HTTP Request: POST https://api.telegram.org/bot8299256500:AAHX_Ce8xf61C6z0CIPr8Mm_F9gAS-kWrK8/sendMessage "HTTP/1.1 200 OK"
2025-07-26 17:57:24,019 - httpx - INFO - HTTP Request: POST https://api.telegram.org/bot8299256500:AAHX_Ce8xf61C6z0CIPr8Mm_F9gAS-kWrK8/getUpdates "HTTP/1.1 200 OK"
2025-07-26 17:57:34,209 - httpx - INFO - HTTP Request: POST https://api.telegram.org/bot8299256500:AAHX_Ce8xf61C6z0CIPr8Mm_F9gAS-kWrK8/getUpdates "HTTP/1.1 200 OK"
2025-07-26 17:57:44,448 - httpx - INFO - HTTP Request: POST https://api.telegram.org/bot8299256500:AAHX_Ce8xf61C6z0CIPr8Mm_F9gAS-kWrK8/getUpdates "HTTP/1.1 200 OK"
2025-07-26 17:57:54,630 - httpx - INFO - HTTP Request: POST https://api.telegram.org/bot8299256500:AAHX_Ce8xf61C6z0CIPr8Mm_F9gAS-kWrK8/getUpdates "HTTP/1.1 200 OK"
2025-07-26 17:58:04,825 - httpx - INFO - HTTP Request: POST https://api.telegram.org/bot8299256500:AAHX_Ce8xf61C6z0CIPr8Mm_F9gAS-kWrK8/getUpdates "HTTP/1.1 200 OK"
2025-07-26 17:58:15,062 - httpx - INFO - HTTP Request: POST https://api.telegram.org/bot8299256500:AAHX_Ce8xf61C6z0CIPr8Mm_F9gAS-kWrK8/getUpdates "HTTP/1.1 200 OK"
2025-07-26 17:58:19,670 - httpx - INFO - HTTP Request: POST https://api.telegram.org/bot8299256500:AAHX_Ce8xf61C6z0CIPr8Mm_F9gAS-kWrK8/getUpdates "HTTP/1.1 200 OK"
2025-07-26 17:58:19,670 - telegram.ext.Application - INFO - Application is stopping. This might take a moment.
2025-07-26 17:58:19,671 - telegram.ext.Application - INFO - Application.stop() complete
2025-07-26 17:58:21,621 - httpx - INFO - HTTP Request: POST https://api.telegram.org/bot8299256500:AAHX_Ce8xf61C6z0CIPr8Mm_F9gAS-kWrK8/getMe "HTTP/1.1 200 OK"
2025-07-26 17:58:21,821 - httpx - INFO - HTTP Request: POST https://api.telegram.org/bot8299256500:AAHX_Ce8xf61C6z0CIPr8Mm_F9gAS-kWrK8/deleteWebhook "HTTP/1.1 200 OK"
2025-07-26 17:58:21,822 - telegram.ext.Application - INFO - Application started
2025-07-26 17:58:31,344 - httpx - INFO - HTTP Request: POST https://api.telegram.org/bot8299256500:AAHX_Ce8xf61C6z0CIPr8Mm_F9gAS-kWrK8/getUpdates "HTTP/1.1 200 OK"
2025-07-26 17:58:32,167 - httpx - INFO - HTTP Request: POST https://api.telegram.org/bot8299256500:AAHX_Ce8xf61C6z0CIPr8Mm_F9gAS-kWrK8/sendMessage "HTTP/1.1 200 OK"
2025-07-26 17:58:41,585 - httpx - INFO - HTTP Request: POST https://api.telegram.org/bot8299256500:AAHX_Ce8xf61C6z0CIPr8Mm_F9gAS-kWrK8/getUpdates "HTTP/1.1 200 OK"
2025-07-26 17:58:41,994 - httpx - INFO - HTTP Request: POST https://api.telegram.org/bot8299256500:AAHX_Ce8xf61C6z0CIPr8Mm_F9gAS-kWrK8/getUpdates "HTTP/1.1 200 OK"
2025-07-26 17:58:42,818 - httpx - INFO - HTTP Request: POST https://api.telegram.org/bot8299256500:AAHX_Ce8xf61C6z0CIPr8Mm_F9gAS-kWrK8/answerCallbackQuery "HTTP/1.1 200 OK"
2025-07-26 17:58:43,226 - httpx - INFO - HTTP Request: POST https://api.telegram.org/bot8299256500:AAHX_Ce8xf61C6z0CIPr8Mm_F9gAS-kWrK8/editMessageText "HTTP/1.1 200 OK"
2025-07-26 17:58:43,227 - __main__ - INFO - [1880995822] Serie confirmada: Hola
2025-07-26 17:58:52,238 - httpx - INFO - HTTP Request: POST https://api.telegram.org/bot8299256500:AAHX_Ce8xf61C6z0CIPr8Mm_F9gAS-kWrK8/getUpdates "HTTP/1.1 200 OK"
2025-07-26 17:59:00,426 - httpx - INFO - HTTP Request: POST https://api.telegram.org/bot8299256500:AAHX_Ce8xf61C6z0CIPr8Mm_F9gAS-kWrK8/getUpdates "HTTP/1.1 200 OK"
2025-07-26 17:59:00,427 - __main__ - INFO - [1880995822] Foto recibida
2025-07-26 17:59:00,427 - __main__ - INFO - referencia a la foto ->PhotoSize(file_id='AgACAgEAAxkBAAMPaIVQbf8GrpCA9Gf1oYMkUjMJjaYAAkKvMRv_hihENncIDuLqW6cBAAMCAAN5AAM2BA', file_size=80639, file_unique_id='AQADQq8xG_-GKER-', height=1280, width=720)
2025-07-26 17:59:01,045 - httpx - INFO - HTTP Request: POST https://api.telegram.org/bot8299256500:AAHX_Ce8xf61C6z0CIPr8Mm_F9gAS-kWrK8/getFile "HTTP/1.1 200 OK"
2025-07-26 17:59:01,451 - httpx - INFO - HTTP Request: GET https://api.telegram.org/file/bot8299256500%3AAAHX_Ce8xf61C6z0CIPr8Mm_F9gAS-kWrK8/photos/file_1.jpg "HTTP/1.1 200 OK"
2025-07-26 17:59:01,666 - __main__ - INFO - [1880995822] Foto descargada y guardada como 1880995822_AgACAgEAAxkBAAMPaIVQbf8GrpCA9Gf1oYMkUjMJjaYAAkKvMRv_hihENncIDuLqW6cBAAMCAAN5AAM2BA.jpg
2025-07-26 17:59:01,975 - httpx - INFO - HTTP Request: POST https://api.telegram.org/bot8299256500:AAHX_Ce8xf61C6z0CIPr8Mm_F9gAS-kWrK8/sendMessage "HTTP/1.1 200 OK"
2025-07-26 17:59:10,641 - httpx - INFO - HTTP Request: POST https://api.telegram.org/bot8299256500:AAHX_Ce8xf61C6z0CIPr8Mm_F9gAS-kWrK8/getUpdates "HTTP/1.1 200 OK"
2025-07-26 17:59:20,906 - httpx - INFO - HTTP Request: POST https://api.telegram.org/bot8299256500:AAHX_Ce8xf61C6z0CIPr8Mm_F9gAS-kWrK8/getUpdates "HTTP/1.1 200 OK"
2025-07-26 17:59:31,147 - httpx - INFO - HTTP Request: POST https://api.telegram.org/bot8299256500:AAHX_Ce8xf61C6z0CIPr8Mm_F9gAS-kWrK8/getUpdates "HTTP/1.1 200 OK"
2025-07-26 17:59:41,387 - httpx - INFO - HTTP Request: POST https://api.telegram.org/bot8299256500:AAHX_Ce8xf61C6z0CIPr8Mm_F9gAS-kWrK8/getUpdates "HTTP/1.1 200 OK"
2025-07-26 17:59:51,630 - httpx - INFO - HTTP Request: POST https://api.telegram.org/bot8299256500:AAHX_Ce8xf61C6z0CIPr8Mm_F9gAS-kWrK8/getUpdates "HTTP/1.1 200 OK"
2025-07-26 18:00:01,867 - httpx - INFO - HTTP Request: POST https://api.telegram.org/bot8299256500:AAHX_Ce8xf61C6z0CIPr8Mm_F9gAS-kWrK8/getUpdates "HTTP/1.1 200 OK"
2025-07-26 18:00:12,052 - httpx - INFO - HTTP Request: POST https://api.telegram.org/bot8299256500:AAHX_Ce8xf61C6z0CIPr8Mm_F9gAS-kWrK8/getUpdates "HTTP/1.1 200 OK"
2025-07-26 18:00:22,245 - httpx - INFO - HTTP Request: POST https://api.telegram.org/bot8299256500:AAHX_Ce8xf61C6z0CIPr8Mm_F9gAS-kWrK8/getUpdates "HTTP/1.1 200 OK"
2025-07-26 18:00:32,485 - httpx - INFO - HTTP Request: POST https://api.telegram.org/bot8299256500:AAHX_Ce8xf61C6z0CIPr8Mm_F9gAS-kWrK8/getUpdates "HTTP/1.1 200 OK"
2025-07-26 18:00:42,668 - httpx - INFO - HTTP Request: POST https://api.telegram.org/bot8299256500:AAHX_Ce8xf61C6z0CIPr8Mm_F9gAS-kWrK8/getUpdates "HTTP/1.1 200 OK"
2025-07-26 18:00:52,863 - httpx - INFO - HTTP Request: POST https://api.telegram.org/bot8299256500:AAHX_Ce8xf61C6z0CIPr8Mm_F9gAS-kWrK8/getUpdates "HTTP/1.1 200 OK"
2025-07-26 18:01:03,135 - httpx - INFO - HTTP Request: POST https://api.telegram.org/bot8299256500:AAHX_Ce8xf61C6z0CIPr8Mm_F9gAS-kWrK8/getUpdates "HTTP/1.1 200 OK"
2025-07-26 18:01:13,343 - httpx - INFO - HTTP Request: POST https://api.telegram.org/bot8299256500:AAHX_Ce8xf61C6z0CIPr8Mm_F9gAS-kWrK8/getUpdates "HTTP/1.1 200 OK"
2025-07-26 18:01:23,583 - httpx - INFO - HTTP Request: POST https://api.telegram.org/bot8299256500:AAHX_Ce8xf61C6z0CIPr8Mm_F9gAS-kWrK8/getUpdates "HTTP/1.1 200 OK"
2025-07-26 18:01:33,823 - httpx - INFO - HTTP Request: POST https://api.telegram.org/bot8299256500:AAHX_Ce8xf61C6z0CIPr8Mm_F9gAS-kWrK8/getUpdates "HTTP/1.1 200 OK"
2025-07-26 18:01:44,062 - httpx - INFO - HTTP Request: POST https://api.telegram.org/bot8299256500:AAHX_Ce8xf61C6z0CIPr8Mm_F9gAS-kWrK8/getUpdates "HTTP/1.1 200 OK"
2025-07-26 18:01:54,302 - httpx - INFO - HTTP Request: POST https://api.telegram.org/bot8299256500:AAHX_Ce8xf61C6z0CIPr8Mm_F9gAS-kWrK8/getUpdates "HTTP/1.1 200 OK"
2025-07-26 18:02:04,487 - httpx - INFO - HTTP Request: POST https://api.telegram.org/bot8299256500:AAHX_Ce8xf61C6z0CIPr8Mm_F9gAS-kWrK8/getUpdates "HTTP/1.1 200 OK"
2025-07-26 18:02:14,684 - httpx - INFO - HTTP Request: POST https://api.telegram.org/bot8299256500:AAHX_Ce8xf61C6z0CIPr8Mm_F9gAS-kWrK8/getUpdates "HTTP/1.1 200 OK"
2025-07-26 18:02:24,921 - httpx - INFO - HTTP Request: POST https://api.telegram.org/bot8299256500:AAHX_Ce8xf61C6z0CIPr8Mm_F9gAS-kWrK8/getUpdates "HTTP/1.1 200 OK"
2025-07-26 18:02:35,263 - httpx - INFO - HTTP Request: POST https://api.telegram.org/bot8299256500:AAHX_Ce8xf61C6z0CIPr8Mm_F9gAS-kWrK8/getUpdates "HTTP/1.1 200 OK"
2025-07-26 18:02:45,506 - httpx - INFO - HTTP Request: POST https://api.telegram.org/bot8299256500:AAHX_Ce8xf61C6z0CIPr8Mm_F9gAS-kWrK8/getUpdates "HTTP/1.1 200 OK"
2025-07-26 18:02:55,744 - httpx - INFO - HTTP Request: POST https://api.telegram.org/bot8299256500:AAHX_Ce8xf61C6z0CIPr8Mm_F9gAS-kWrK8/getUpdates "HTTP/1.1 200 OK"
2025-07-26 18:03:06,080 - httpx - INFO - HTTP Request: POST https://api.telegram.org/bot8299256500:AAHX_Ce8xf61C6z0CIPr8Mm_F9gAS-kWrK8/getUpdates "HTTP/1.1 200 OK"
2025-07-26 18:03:16,325 - httpx - INFO - HTTP Request: POST https://api.telegram.org/bot8299256500:AAHX_Ce8xf61C6z0CIPr8Mm_F9gAS-kWrK8/getUpdates "HTTP/1.1 200 OK"
2025-07-26 18:03:26,568 - httpx - INFO - HTTP Request: POST https://api.telegram.org/bot8299256500:AAHX_Ce8xf61C6z0CIPr8Mm_F9gAS-kWrK8/getUpdates "HTTP/1.1 200 OK"
2025-07-26 18:03:36,806 - httpx - INFO - HTTP Request: POST https://api.telegram.org/bot8299256500:AAHX_Ce8xf61C6z0CIPr8Mm_F9gAS-kWrK8/getUpdates "HTTP/1.1 200 OK"
2025-07-26 18:03:47,046 - httpx - INFO - HTTP Request: POST https://api.telegram.org/bot8299256500:AAHX_Ce8xf61C6z0CIPr8Mm_F9gAS-kWrK8/getUpdates "HTTP/1.1 200 OK"
2025-07-26 18:03:57,240 - httpx - INFO - HTTP Request: POST https://api.telegram.org/bot8299256500:AAHX_Ce8xf61C6z0CIPr8Mm_F9gAS-kWrK8/getUpdates "HTTP/1.1 200 OK"
2025-07-26 18:04:07,427 - httpx - INFO - HTTP Request: POST https://api.telegram.org/bot8299256500:AAHX_Ce8xf61C6z0CIPr8Mm_F9gAS-kWrK8/getUpdates "HTTP/1.1 200 OK"
2025-07-26 18:04:17,617 - httpx - INFO - HTTP Request: POST https://api.telegram.org/bot8299256500:AAHX_Ce8xf61C6z0CIPr8Mm_F9gAS-kWrK8/getUpdates "HTTP/1.1 200 OK"
2025-07-26 18:04:27,884 - httpx - INFO - HTTP Request: POST https://api.telegram.org/bot8299256500:AAHX_Ce8xf61C6z0CIPr8Mm_F9gAS-kWrK8/getUpdates "HTTP/1.1 200 OK"
2025-07-26 18:04:38,092 - httpx - INFO - HTTP Request: POST https://api.telegram.org/bot8299256500:AAHX_Ce8xf61C6z0CIPr8Mm_F9gAS-kWrK8/getUpdates "HTTP/1.1 200 OK"
2025-07-26 18:04:48,287 - httpx - INFO - HTTP Request: POST https://api.telegram.org/bot8299256500:AAHX_Ce8xf61C6z0CIPr8Mm_F9gAS-kWrK8/getUpdates "HTTP/1.1 200 OK"
2025-07-26 18:04:58,526 - httpx - INFO - HTTP Request: POST https://api.telegram.org/bot8299256500:AAHX_Ce8xf61C6z0CIPr8Mm_F9gAS-kWrK8/getUpdates "HTTP/1.1 200 OK"
2025-07-26 18:05:05,180 - httpx - INFO - HTTP Request: POST https://api.telegram.org/bot8299256500:AAHX_Ce8xf61C6z0CIPr8Mm_F9gAS-kWrK8/getUpdates "HTTP/1.1 200 OK"
2025-07-26 18:05:05,180 - telegram.ext.Application - INFO - Application is stopping. This might take a moment.
2025-07-26 18:05:05,180 - telegram.ext.Application - INFO - Application.stop() complete
2025-07-26 18:05:11,631 - httpx - INFO - HTTP Request: POST https://api.telegram.org/bot8299256500:AAHX_Ce8xf61C6z0CIPr8Mm_F9gAS-kWrK8/getMe "HTTP/1.1 200 OK"
2025-07-26 18:05:11,835 - httpx - INFO - HTTP Request: POST https://api.telegram.org/bot8299256500:AAHX_Ce8xf61C6z0CIPr8Mm_F9gAS-kWrK8/deleteWebhook "HTTP/1.1 200 OK"
2025-07-26 18:05:11,836 - telegram.ext.Application - INFO - Application started
2025-07-26 18:05:22,485 - httpx - INFO - HTTP Request: POST https://api.telegram.org/bot8299256500:AAHX_Ce8xf61C6z0CIPr8Mm_F9gAS-kWrK8/getUpdates "HTTP/1.1 200 OK"
2025-07-26 18:05:32,727 - httpx - INFO - HTTP Request: POST https://api.telegram.org/bot8299256500:AAHX_Ce8xf61C6z0CIPr8Mm_F9gAS-kWrK8/getUpdates "HTTP/1.1 200 OK"
2025-07-26 18:05:42,963 - httpx - INFO - HTTP Request: POST https://api.telegram.org/bot8299256500:AAHX_Ce8xf61C6z0CIPr8Mm_F9gAS-kWrK8/getUpdates "HTTP/1.1 200 OK"
2025-07-26 18:05:53,204 - httpx - INFO - HTTP Request: POST https://api.telegram.org/bot8299256500:AAHX_Ce8xf61C6z0CIPr8Mm_F9gAS-kWrK8/getUpdates "HTTP/1.1 200 OK"
2025-07-26 18:05:55,767 - httpx - INFO - HTTP Request: POST https://api.telegram.org/bot8299256500:AAHX_Ce8xf61C6z0CIPr8Mm_F9gAS-kWrK8/getUpdates "HTTP/1.1 200 OK"
2025-07-26 18:05:56,592 - httpx - INFO - HTTP Request: POST https://api.telegram.org/bot8299256500:AAHX_Ce8xf61C6z0CIPr8Mm_F9gAS-kWrK8/sendMessage "HTTP/1.1 200 OK"
2025-07-26 18:05:58,222 - httpx - INFO - HTTP Request: POST https://api.telegram.org/bot8299256500:AAHX_Ce8xf61C6z0CIPr8Mm_F9gAS-kWrK8/getUpdates "HTTP/1.1 200 OK"
2025-07-26 18:05:58,635 - httpx - INFO - HTTP Request: POST https://api.telegram.org/bot8299256500:AAHX_Ce8xf61C6z0CIPr8Mm_F9gAS-kWrK8/answerCallbackQuery "HTTP/1.1 200 OK"
2025-07-26 18:05:58,939 - httpx - INFO - HTTP Request: POST https://api.telegram.org/bot8299256500:AAHX_Ce8xf61C6z0CIPr8Mm_F9gAS-kWrK8/editMessageText "HTTP/1.1 200 OK"
2025-07-26 18:05:58,940 - __main__ - INFO - [1880995822] Serie confirmada: Jkjjdkkdd
2025-07-26 18:06:08,407 - httpx - INFO - HTTP Request: POST https://api.telegram.org/bot8299256500:AAHX_Ce8xf61C6z0CIPr8Mm_F9gAS-kWrK8/getUpdates "HTTP/1.1 200 OK"
2025-07-26 18:06:08,702 - httpx - INFO - HTTP Request: POST https://api.telegram.org/bot8299256500:AAHX_Ce8xf61C6z0CIPr8Mm_F9gAS-kWrK8/getUpdates "HTTP/1.1 200 OK"
2025-07-26 18:06:08,703 - __main__ - INFO - [1880995822] Foto recibida
2025-07-26 18:06:08,703 - __main__ - INFO - referencia a la foto ->PhotoSize(file_id='AgACAgEAAxkBAAMPaIVQbf8GrpCA9Gf1oYMkUjMJjaYAAkKvMRv_hihENncIDuLqW6cBAAMCAAN5AAM2BA', file_size=80639, file_unique_id='AQADQq8xG_-GKER-', height=1280, width=720)
2025-07-26 18:06:09,256 - httpx - INFO - HTTP Request: POST https://api.telegram.org/bot8299256500:AAHX_Ce8xf61C6z0CIPr8Mm_F9gAS-kWrK8/getFile "HTTP/1.1 200 OK"
2025-07-26 18:06:09,619 - httpx - INFO - HTTP Request: GET https://api.telegram.org/file/bot8299256500%3AAAHX_Ce8xf61C6z0CIPr8Mm_F9gAS-kWrK8/photos/file_1.jpg "HTTP/1.1 200 OK"
2025-07-26 18:06:09,801 - __main__ - INFO - [1880995822] Foto descargada y guardada como 1880995822_AgACAgEAAxkBAAMPaIVQbf8GrpCA9Gf1oYMkUjMJjaYAAkKvMRv_hihENncIDuLqW6cBAAMCAAN5AAM2BA.jpg
2025-07-26 18:06:10,114 - httpx - INFO - HTTP Request: POST https://api.telegram.org/bot8299256500:AAHX_Ce8xf61C6z0CIPr8Mm_F9gAS-kWrK8/sendMessage "HTTP/1.1 200 OK"
2025-07-26 18:06:18,907 - httpx - INFO - HTTP Request: POST https://api.telegram.org/bot8299256500:AAHX_Ce8xf61C6z0CIPr8Mm_F9gAS-kWrK8/getUpdates "HTTP/1.1 200 OK"
2025-07-26 18:06:29,146 - httpx - INFO - HTTP Request: POST https://api.telegram.org/bot8299256500:AAHX_Ce8xf61C6z0CIPr8Mm_F9gAS-kWrK8/getUpdates "HTTP/1.1 200 OK"
2025-07-26 18:06:39,387 - httpx - INFO - HTTP Request: POST https://api.telegram.org/bot8299256500:AAHX_Ce8xf61C6z0CIPr8Mm_F9gAS-kWrK8/getUpdates "HTTP/1.1 200 OK"
2025-07-26 18:06:49,626 - httpx - INFO - HTTP Request: POST https://api.telegram.org/bot8299256500:AAHX_Ce8xf61C6z0CIPr8Mm_F9gAS-kWrK8/getUpdates "HTTP/1.1 200 OK"
2025-07-26 18:06:59,867 - httpx - INFO - HTTP Request: POST https://api.telegram.org/bot8299256500:AAHX_Ce8xf61C6z0CIPr8Mm_F9gAS-kWrK8/getUpdates "HTTP/1.1 200 OK"
2025-07-26 18:07:10,059 - httpx - INFO - HTTP Request: POST https://api.telegram.org/bot8299256500:AAHX_Ce8xf61C6z0CIPr8Mm_F9gAS-kWrK8/getUpdates "HTTP/1.1 200 OK"
2025-07-26 18:07:20,351 - httpx - INFO - HTTP Request: POST https://api.telegram.org/bot8299256500:AAHX_Ce8xf61C6z0CIPr8Mm_F9gAS-kWrK8/getUpdates "HTTP/1.1 200 OK"
2025-07-26 18:07:30,535 - httpx - INFO - HTTP Request: POST https://api.telegram.org/bot8299256500:AAHX_Ce8xf61C6z0CIPr8Mm_F9gAS-kWrK8/getUpdates "HTTP/1.1 200 OK"
2025-07-26 18:07:40,763 - httpx - INFO - HTTP Request: POST https://api.telegram.org/bot8299256500:AAHX_Ce8xf61C6z0CIPr8Mm_F9gAS-kWrK8/getUpdates "HTTP/1.1 200 OK"
2025-07-26 18:07:50,945 - httpx - INFO - HTTP Request: POST https://api.telegram.org/bot8299256500:AAHX_Ce8xf61C6z0CIPr8Mm_F9gAS-kWrK8/getUpdates "HTTP/1.1 200 OK"
2025-07-26 18:08:01,208 - httpx - INFO - HTTP Request: POST https://api.telegram.org/bot8299256500:AAHX_Ce8xf61C6z0CIPr8Mm_F9gAS-kWrK8/getUpdates "HTTP/1.1 200 OK"
2025-07-26 18:08:11,550 - httpx - INFO - HTTP Request: POST https://api.telegram.org/bot8299256500:AAHX_Ce8xf61C6z0CIPr8Mm_F9gAS-kWrK8/getUpdates "HTTP/1.1 200 OK"
2025-07-26 18:08:21,867 - httpx - INFO - HTTP Request: POST https://api.telegram.org/bot8299256500:AAHX_Ce8xf61C6z0CIPr8Mm_F9gAS-kWrK8/getUpdates "HTTP/1.1 200 OK"
2025-07-26 18:08:32,133 - httpx - INFO - HTTP Request: POST https://api.telegram.org/bot8299256500:AAHX_Ce8xf61C6z0CIPr8Mm_F9gAS-kWrK8/getUpdates "HTTP/1.1 200 OK"
2025-07-26 18:08:42,391 - httpx - INFO - HTTP Request: POST https://api.telegram.org/bot8299256500:AAHX_Ce8xf61C6z0CIPr8Mm_F9gAS-kWrK8/getUpdates "HTTP/1.1 200 OK"
2025-07-26 18:08:52,613 - httpx - INFO - HTTP Request: POST https://api.telegram.org/bot8299256500:AAHX_Ce8xf61C6z0CIPr8Mm_F9gAS-kWrK8/getUpdates "HTTP/1.1 200 OK"
2025-07-26 18:09:02,955 - httpx - INFO - HTTP Request: POST https://api.telegram.org/bot8299256500:AAHX_Ce8xf61C6z0CIPr8Mm_F9gAS-kWrK8/getUpdates "HTTP/1.1 200 OK"
2025-07-26 18:09:13,297 - httpx - INFO - HTTP Request: POST https://api.telegram.org/bot8299256500:AAHX_Ce8xf61C6z0CIPr8Mm_F9gAS-kWrK8/getUpdates "HTTP/1.1 200 OK"
2025-07-26 18:09:23,536 - httpx - INFO - HTTP Request: POST https://api.telegram.org/bot8299256500:AAHX_Ce8xf61C6z0CIPr8Mm_F9gAS-kWrK8/getUpdates "HTTP/1.1 200 OK"
2025-07-26 18:09:33,745 - httpx - INFO - HTTP Request: POST https://api.telegram.org/bot8299256500:AAHX_Ce8xf61C6z0CIPr8Mm_F9gAS-kWrK8/getUpdates "HTTP/1.1 200 OK"
2025-07-26 18:09:44,016 - httpx - INFO - HTTP Request: POST https://api.telegram.org/bot8299256500:AAHX_Ce8xf61C6z0CIPr8Mm_F9gAS-kWrK8/getUpdates "HTTP/1.1 200 OK"
2025-07-26 18:09:54,256 - httpx - INFO - HTTP Request: POST https://api.telegram.org/bot8299256500:AAHX_Ce8xf61C6z0CIPr8Mm_F9gAS-kWrK8/getUpdates "HTTP/1.1 200 OK"
2025-07-26 18:10:04,447 - httpx - INFO - HTTP Request: POST https://api.telegram.org/bot8299256500:AAHX_Ce8xf61C6z0CIPr8Mm_F9gAS-kWrK8/getUpdates "HTTP/1.1 200 OK"
2025-07-26 18:10:14,635 - httpx - INFO - HTTP Request: POST https://api.telegram.org/bot8299256500:AAHX_Ce8xf61C6z0CIPr8Mm_F9gAS-kWrK8/getUpdates "HTTP/1.1 200 OK"
2025-07-26 18:10:24,978 - httpx - INFO - HTTP Request: POST https://api.telegram.org/bot8299256500:AAHX_Ce8xf61C6z0CIPr8Mm_F9gAS-kWrK8/getUpdates "HTTP/1.1 200 OK"
2025-07-26 18:10:35,162 - httpx - INFO - HTTP Request: POST https://api.telegram.org/bot8299256500:AAHX_Ce8xf61C6z0CIPr8Mm_F9gAS-kWrK8/getUpdates "HTTP/1.1 200 OK"
2025-07-26 18:10:45,360 - httpx - INFO - HTTP Request: POST https://api.telegram.org/bot8299256500:AAHX_Ce8xf61C6z0CIPr8Mm_F9gAS-kWrK8/getUpdates "HTTP/1.1 200 OK"
2025-07-26 18:10:55,702 - httpx - INFO - HTTP Request: POST https://api.telegram.org/bot8299256500:AAHX_Ce8xf61C6z0CIPr8Mm_F9gAS-kWrK8/getUpdates "HTTP/1.1 200 OK"
2025-07-26 18:11:06,420 - httpx - INFO - HTTP Request: POST https://api.telegram.org/bot8299256500:AAHX_Ce8xf61C6z0CIPr8Mm_F9gAS-kWrK8/getUpdates "HTTP/1.1 200 OK"
2025-07-26 18:11:16,791 - httpx - INFO - HTTP Request: POST https://api.telegram.org/bot8299256500:AAHX_Ce8xf61C6z0CIPr8Mm_F9gAS-kWrK8/getUpdates "HTTP/1.1 200 OK"
2025-07-26 18:11:27,056 - httpx - INFO - HTTP Request: POST https://api.telegram.org/bot8299256500:AAHX_Ce8xf61C6z0CIPr8Mm_F9gAS-kWrK8/getUpdates "HTTP/1.1 200 OK"
2025-07-26 18:11:37,271 - httpx - INFO - HTTP Request: POST https://api.telegram.org/bot8299256500:AAHX_Ce8xf61C6z0CIPr8Mm_F9gAS-kWrK8/getUpdates "HTTP/1.1 200 OK"
2025-07-26 18:11:47,455 - httpx - INFO - HTTP Request: POST https://api.telegram.org/bot8299256500:AAHX_Ce8xf61C6z0CIPr8Mm_F9gAS-kWrK8/getUpdates "HTTP/1.1 200 OK"
2025-07-26 18:11:57,649 - httpx - INFO - HTTP Request: POST https://api.telegram.org/bot8299256500:AAHX_Ce8xf61C6z0CIPr8Mm_F9gAS-kWrK8/getUpdates "HTTP/1.1 200 OK"
2025-07-26 18:12:07,890 - httpx - INFO - HTTP Request: POST https://api.telegram.org/bot8299256500:AAHX_Ce8xf61C6z0CIPr8Mm_F9gAS-kWrK8/getUpdates "HTTP/1.1 200 OK"
2025-07-26 18:12:18,133 - httpx - INFO - HTTP Request: POST https://api.telegram.org/bot8299256500:AAHX_Ce8xf61C6z0CIPr8Mm_F9gAS-kWrK8/getUpdates "HTTP/1.1 200 OK"
2025-07-26 18:12:25,399 - httpx - INFO - HTTP Request: POST https://api.telegram.org/bot8299256500:AAHX_Ce8xf61C6z0CIPr8Mm_F9gAS-kWrK8/getUpdates "HTTP/1.1 200 OK"
2025-07-26 18:12:25,400 - telegram.ext.Application - INFO - Application is stopping. This might take a moment.
2025-07-26 18:12:25,400 - telegram.ext.Application - INFO - Application.stop() complete
